CRITICAL - 2025-04-24 18:41:03 --> ParseError: syntax error, unexpected token "<"
[Method: GET, Route: camisetas]
in APPPATH\Views\frontend\camisetas_view.php on line 1.
 1 SYSTEMPATH\View\View.php(227): CodeIgniter\View\View->CodeIgniter\View\{closure}()
 2 SYSTEMPATH\Common.php(1173): CodeIgniter\View\View->render('frontend/camisetas_view', [], true)
 3 APPPATH\Controllers\Home.php(34): view('frontend/camisetas_view')
 4 SYSTEMPATH\CodeIgniter.php(933): App\Controllers\Home->camisetas()
 5 SYSTEMPATH\CodeIgniter.php(507): CodeIgniter\CodeIgniter->runController(Object(App\Controllers\Home))
 6 SYSTEMPATH\CodeIgniter.php(354): CodeIgniter\CodeIgniter->handleRequest(null, Object(Config\Cache), false)
 7 SYSTEMPATH\Boot.php(334): CodeIgniter\CodeIgniter->run()
 8 SYSTEMPATH\Boot.php(67): CodeIgniter\Boot::runCodeIgniter(Object(CodeIgniter\CodeIgniter))
 9 FCPATH\index.php(56): CodeIgniter\Boot::bootWeb(Object(Config\Paths))
CRITICAL - 2025-04-24 18:41:03 --> ParseError: syntax error, unexpected token "<"
[Method: GET, Route: camisetas]
in APPPATH\Views\frontend\camisetas_view.php on line 1.
 1 SYSTEMPATH\View\View.php(227): CodeIgniter\View\View->CodeIgniter\View\{closure}()
 2 SYSTEMPATH\Common.php(1173): CodeIgniter\View\View->render('frontend/camisetas_view', [], true)
 3 APPPATH\Controllers\Home.php(34): view('frontend/camisetas_view')
 4 SYSTEMPATH\CodeIgniter.php(933): App\Controllers\Home->camisetas()
 5 SYSTEMPATH\CodeIgniter.php(507): CodeIgniter\CodeIgniter->runController(Object(App\Controllers\Home))
 6 SYSTEMPATH\CodeIgniter.php(354): CodeIgniter\CodeIgniter->handleRequest(null, Object(Config\Cache), false)
 7 SYSTEMPATH\Boot.php(334): CodeIgniter\CodeIgniter->run()
 8 SYSTEMPATH\Boot.php(67): CodeIgniter\Boot::runCodeIgniter(Object(CodeIgniter\CodeIgniter))
 9 FCPATH\index.php(56): CodeIgniter\Boot::bootWeb(Object(Config\Paths))
CRITICAL - 2025-04-24 18:41:04 --> ParseError: syntax error, unexpected token "<"
[Method: GET, Route: camisetas]
in APPPATH\Views\frontend\camisetas_view.php on line 1.
 1 SYSTEMPATH\View\View.php(227): CodeIgniter\View\View->CodeIgniter\View\{closure}()
 2 SYSTEMPATH\Common.php(1173): CodeIgniter\View\View->render('frontend/camisetas_view', [], true)
 3 APPPATH\Controllers\Home.php(34): view('frontend/camisetas_view')
 4 SYSTEMPATH\CodeIgniter.php(933): App\Controllers\Home->camisetas()
 5 SYSTEMPATH\CodeIgniter.php(507): CodeIgniter\CodeIgniter->runController(Object(App\Controllers\Home))
 6 SYSTEMPATH\CodeIgniter.php(354): CodeIgniter\CodeIgniter->handleRequest(null, Object(Config\Cache), false)
 7 SYSTEMPATH\Boot.php(334): CodeIgniter\CodeIgniter->run()
 8 SYSTEMPATH\Boot.php(67): CodeIgniter\Boot::runCodeIgniter(Object(CodeIgniter\CodeIgniter))
 9 FCPATH\index.php(56): CodeIgniter\Boot::bootWeb(Object(Config\Paths))
CRITICAL - 2025-04-24 18:41:04 --> ParseError: syntax error, unexpected token "<"
[Method: GET, Route: camisetas]
in APPPATH\Views\frontend\camisetas_view.php on line 1.
 1 SYSTEMPATH\View\View.php(227): CodeIgniter\View\View->CodeIgniter\View\{closure}()
 2 SYSTEMPATH\Common.php(1173): CodeIgniter\View\View->render('frontend/camisetas_view', [], true)
 3 APPPATH\Controllers\Home.php(34): view('frontend/camisetas_view')
 4 SYSTEMPATH\CodeIgniter.php(933): App\Controllers\Home->camisetas()
 5 SYSTEMPATH\CodeIgniter.php(507): CodeIgniter\CodeIgniter->runController(Object(App\Controllers\Home))
 6 SYSTEMPATH\CodeIgniter.php(354): CodeIgniter\CodeIgniter->handleRequest(null, Object(Config\Cache), false)
 7 SYSTEMPATH\Boot.php(334): CodeIgniter\CodeIgniter->run()
 8 SYSTEMPATH\Boot.php(67): CodeIgniter\Boot::runCodeIgniter(Object(CodeIgniter\CodeIgniter))
 9 FCPATH\index.php(56): CodeIgniter\Boot::bootWeb(Object(Config\Paths))
CRITICAL - 2025-04-24 18:41:04 --> ParseError: syntax error, unexpected token "<"
[Method: GET, Route: camisetas]
in APPPATH\Views\frontend\camisetas_view.php on line 1.
 1 SYSTEMPATH\View\View.php(227): CodeIgniter\View\View->CodeIgniter\View\{closure}()
 2 SYSTEMPATH\Common.php(1173): CodeIgniter\View\View->render('frontend/camisetas_view', [], true)
 3 APPPATH\Controllers\Home.php(34): view('frontend/camisetas_view')
 4 SYSTEMPATH\CodeIgniter.php(933): App\Controllers\Home->camisetas()
 5 SYSTEMPATH\CodeIgniter.php(507): CodeIgniter\CodeIgniter->runController(Object(App\Controllers\Home))
 6 SYSTEMPATH\CodeIgniter.php(354): CodeIgniter\CodeIgniter->handleRequest(null, Object(Config\Cache), false)
 7 SYSTEMPATH\Boot.php(334): CodeIgniter\CodeIgniter->run()
 8 SYSTEMPATH\Boot.php(67): CodeIgniter\Boot::runCodeIgniter(Object(CodeIgniter\CodeIgniter))
 9 FCPATH\index.php(56): CodeIgniter\Boot::bootWeb(Object(Config\Paths))
CRITICAL - 2025-04-24 18:41:04 --> ParseError: syntax error, unexpected token "<"
[Method: GET, Route: camisetas]
in APPPATH\Views\frontend\camisetas_view.php on line 1.
 1 SYSTEMPATH\View\View.php(227): CodeIgniter\View\View->CodeIgniter\View\{closure}()
 2 SYSTEMPATH\Common.php(1173): CodeIgniter\View\View->render('frontend/camisetas_view', [], true)
 3 APPPATH\Controllers\Home.php(34): view('frontend/camisetas_view')
 4 SYSTEMPATH\CodeIgniter.php(933): App\Controllers\Home->camisetas()
 5 SYSTEMPATH\CodeIgniter.php(507): CodeIgniter\CodeIgniter->runController(Object(App\Controllers\Home))
 6 SYSTEMPATH\CodeIgniter.php(354): CodeIgniter\CodeIgniter->handleRequest(null, Object(Config\Cache), false)
 7 SYSTEMPATH\Boot.php(334): CodeIgniter\CodeIgniter->run()
 8 SYSTEMPATH\Boot.php(67): CodeIgniter\Boot::runCodeIgniter(Object(CodeIgniter\CodeIgniter))
 9 FCPATH\index.php(56): CodeIgniter\Boot::bootWeb(Object(Config\Paths))
CRITICAL - 2025-04-24 18:41:05 --> ParseError: syntax error, unexpected token "<"
[Method: GET, Route: camisetas]
in APPPATH\Views\frontend\camisetas_view.php on line 1.
 1 SYSTEMPATH\View\View.php(227): CodeIgniter\View\View->CodeIgniter\View\{closure}()
 2 SYSTEMPATH\Common.php(1173): CodeIgniter\View\View->render('frontend/camisetas_view', [], true)
 3 APPPATH\Controllers\Home.php(34): view('frontend/camisetas_view')
 4 SYSTEMPATH\CodeIgniter.php(933): App\Controllers\Home->camisetas()
 5 SYSTEMPATH\CodeIgniter.php(507): CodeIgniter\CodeIgniter->runController(Object(App\Controllers\Home))
 6 SYSTEMPATH\CodeIgniter.php(354): CodeIgniter\CodeIgniter->handleRequest(null, Object(Config\Cache), false)
 7 SYSTEMPATH\Boot.php(334): CodeIgniter\CodeIgniter->run()
 8 SYSTEMPATH\Boot.php(67): CodeIgniter\Boot::runCodeIgniter(Object(CodeIgniter\CodeIgniter))
 9 FCPATH\index.php(56): CodeIgniter\Boot::bootWeb(Object(Config\Paths))
CRITICAL - 2025-04-24 18:41:05 --> ParseError: syntax error, unexpected token "<"
[Method: GET, Route: camisetas]
in APPPATH\Views\frontend\camisetas_view.php on line 1.
 1 SYSTEMPATH\View\View.php(227): CodeIgniter\View\View->CodeIgniter\View\{closure}()
 2 SYSTEMPATH\Common.php(1173): CodeIgniter\View\View->render('frontend/camisetas_view', [], true)
 3 APPPATH\Controllers\Home.php(34): view('frontend/camisetas_view')
 4 SYSTEMPATH\CodeIgniter.php(933): App\Controllers\Home->camisetas()
 5 SYSTEMPATH\CodeIgniter.php(507): CodeIgniter\CodeIgniter->runController(Object(App\Controllers\Home))
 6 SYSTEMPATH\CodeIgniter.php(354): CodeIgniter\CodeIgniter->handleRequest(null, Object(Config\Cache), false)
 7 SYSTEMPATH\Boot.php(334): CodeIgniter\CodeIgniter->run()
 8 SYSTEMPATH\Boot.php(67): CodeIgniter\Boot::runCodeIgniter(Object(CodeIgniter\CodeIgniter))
 9 FCPATH\index.php(56): CodeIgniter\Boot::bootWeb(Object(Config\Paths))
CRITICAL - 2025-04-24 18:41:05 --> ParseError: syntax error, unexpected token "<"
[Method: GET, Route: camisetas]
in APPPATH\Views\frontend\camisetas_view.php on line 1.
 1 SYSTEMPATH\View\View.php(227): CodeIgniter\View\View->CodeIgniter\View\{closure}()
 2 SYSTEMPATH\Common.php(1173): CodeIgniter\View\View->render('frontend/camisetas_view', [], true)
 3 APPPATH\Controllers\Home.php(34): view('frontend/camisetas_view')
 4 SYSTEMPATH\CodeIgniter.php(933): App\Controllers\Home->camisetas()
 5 SYSTEMPATH\CodeIgniter.php(507): CodeIgniter\CodeIgniter->runController(Object(App\Controllers\Home))
 6 SYSTEMPATH\CodeIgniter.php(354): CodeIgniter\CodeIgniter->handleRequest(null, Object(Config\Cache), false)
 7 SYSTEMPATH\Boot.php(334): CodeIgniter\CodeIgniter->run()
 8 SYSTEMPATH\Boot.php(67): CodeIgniter\Boot::runCodeIgniter(Object(CodeIgniter\CodeIgniter))
 9 FCPATH\index.php(56): CodeIgniter\Boot::bootWeb(Object(Config\Paths))
CRITICAL - 2025-04-24 18:41:09 --> ParseError: syntax error, unexpected token "<"
[Method: GET, Route: camisetas]
in APPPATH\Views\frontend\camisetas_view.php on line 1.
 1 SYSTEMPATH\View\View.php(227): CodeIgniter\View\View->CodeIgniter\View\{closure}()
 2 SYSTEMPATH\Common.php(1173): CodeIgniter\View\View->render('frontend/camisetas_view', [], true)
 3 APPPATH\Controllers\Home.php(34): view('frontend/camisetas_view')
 4 SYSTEMPATH\CodeIgniter.php(933): App\Controllers\Home->camisetas()
 5 SYSTEMPATH\CodeIgniter.php(507): CodeIgniter\CodeIgniter->runController(Object(App\Controllers\Home))
 6 SYSTEMPATH\CodeIgniter.php(354): CodeIgniter\CodeIgniter->handleRequest(null, Object(Config\Cache), false)
 7 SYSTEMPATH\Boot.php(334): CodeIgniter\CodeIgniter->run()
 8 SYSTEMPATH\Boot.php(67): CodeIgniter\Boot::runCodeIgniter(Object(CodeIgniter\CodeIgniter))
 9 FCPATH\index.php(56): CodeIgniter\Boot::bootWeb(Object(Config\Paths))
CRITICAL - 2025-04-24 18:41:17 --> ParseError: syntax error, unexpected token "<"
[Method: GET, Route: camisetas]
in APPPATH\Views\frontend\camisetas_view.php on line 1.
 1 SYSTEMPATH\View\View.php(227): CodeIgniter\View\View->CodeIgniter\View\{closure}()
 2 SYSTEMPATH\Common.php(1173): CodeIgniter\View\View->render('frontend/camisetas_view', [], true)
 3 APPPATH\Controllers\Home.php(34): view('frontend/camisetas_view')
 4 SYSTEMPATH\CodeIgniter.php(933): App\Controllers\Home->camisetas()
 5 SYSTEMPATH\CodeIgniter.php(507): CodeIgniter\CodeIgniter->runController(Object(App\Controllers\Home))
 6 SYSTEMPATH\CodeIgniter.php(354): CodeIgniter\CodeIgniter->handleRequest(null, Object(Config\Cache), false)
 7 SYSTEMPATH\Boot.php(334): CodeIgniter\CodeIgniter->run()
 8 SYSTEMPATH\Boot.php(67): CodeIgniter\Boot::runCodeIgniter(Object(CodeIgniter\CodeIgniter))
 9 FCPATH\index.php(56): CodeIgniter\Boot::bootWeb(Object(Config\Paths))
CRITICAL - 2025-04-24 18:41:17 --> ParseError: syntax error, unexpected token "<"
[Method: GET, Route: camisetas]
in APPPATH\Views\frontend\camisetas_view.php on line 1.
 1 SYSTEMPATH\View\View.php(227): CodeIgniter\View\View->CodeIgniter\View\{closure}()
 2 SYSTEMPATH\Common.php(1173): CodeIgniter\View\View->render('frontend/camisetas_view', [], true)
 3 APPPATH\Controllers\Home.php(34): view('frontend/camisetas_view')
 4 SYSTEMPATH\CodeIgniter.php(933): App\Controllers\Home->camisetas()
 5 SYSTEMPATH\CodeIgniter.php(507): CodeIgniter\CodeIgniter->runController(Object(App\Controllers\Home))
 6 SYSTEMPATH\CodeIgniter.php(354): CodeIgniter\CodeIgniter->handleRequest(null, Object(Config\Cache), false)
 7 SYSTEMPATH\Boot.php(334): CodeIgniter\CodeIgniter->run()
 8 SYSTEMPATH\Boot.php(67): CodeIgniter\Boot::runCodeIgniter(Object(CodeIgniter\CodeIgniter))
 9 FCPATH\index.php(56): CodeIgniter\Boot::bootWeb(Object(Config\Paths))
CRITICAL - 2025-04-24 18:41:17 --> ParseError: syntax error, unexpected token "<"
[Method: GET, Route: camisetas]
in APPPATH\Views\frontend\camisetas_view.php on line 1.
 1 SYSTEMPATH\View\View.php(227): CodeIgniter\View\View->CodeIgniter\View\{closure}()
 2 SYSTEMPATH\Common.php(1173): CodeIgniter\View\View->render('frontend/camisetas_view', [], true)
 3 APPPATH\Controllers\Home.php(34): view('frontend/camisetas_view')
 4 SYSTEMPATH\CodeIgniter.php(933): App\Controllers\Home->camisetas()
 5 SYSTEMPATH\CodeIgniter.php(507): CodeIgniter\CodeIgniter->runController(Object(App\Controllers\Home))
 6 SYSTEMPATH\CodeIgniter.php(354): CodeIgniter\CodeIgniter->handleRequest(null, Object(Config\Cache), false)
 7 SYSTEMPATH\Boot.php(334): CodeIgniter\CodeIgniter->run()
 8 SYSTEMPATH\Boot.php(67): CodeIgniter\Boot::runCodeIgniter(Object(CodeIgniter\CodeIgniter))
 9 FCPATH\index.php(56): CodeIgniter\Boot::bootWeb(Object(Config\Paths))
CRITICAL - 2025-04-24 18:41:18 --> ParseError: syntax error, unexpected token "<"
[Method: GET, Route: camisetas]
in APPPATH\Views\frontend\camisetas_view.php on line 1.
 1 SYSTEMPATH\View\View.php(227): CodeIgniter\View\View->CodeIgniter\View\{closure}()
 2 SYSTEMPATH\Common.php(1173): CodeIgniter\View\View->render('frontend/camisetas_view', [], true)
 3 APPPATH\Controllers\Home.php(34): view('frontend/camisetas_view')
 4 SYSTEMPATH\CodeIgniter.php(933): App\Controllers\Home->camisetas()
 5 SYSTEMPATH\CodeIgniter.php(507): CodeIgniter\CodeIgniter->runController(Object(App\Controllers\Home))
 6 SYSTEMPATH\CodeIgniter.php(354): CodeIgniter\CodeIgniter->handleRequest(null, Object(Config\Cache), false)
 7 SYSTEMPATH\Boot.php(334): CodeIgniter\CodeIgniter->run()
 8 SYSTEMPATH\Boot.php(67): CodeIgniter\Boot::runCodeIgniter(Object(CodeIgniter\CodeIgniter))
 9 FCPATH\index.php(56): CodeIgniter\Boot::bootWeb(Object(Config\Paths))
CRITICAL - 2025-04-24 18:41:20 --> ParseError: syntax error, unexpected token "<"
[Method: GET, Route: camisetas]
in APPPATH\Views\frontend\camisetas_view.php on line 1.
 1 SYSTEMPATH\View\View.php(227): CodeIgniter\View\View->CodeIgniter\View\{closure}()
 2 SYSTEMPATH\Common.php(1173): CodeIgniter\View\View->render('frontend/camisetas_view', [], true)
 3 APPPATH\Controllers\Home.php(34): view('frontend/camisetas_view')
 4 SYSTEMPATH\CodeIgniter.php(933): App\Controllers\Home->camisetas()
 5 SYSTEMPATH\CodeIgniter.php(507): CodeIgniter\CodeIgniter->runController(Object(App\Controllers\Home))
 6 SYSTEMPATH\CodeIgniter.php(354): CodeIgniter\CodeIgniter->handleRequest(null, Object(Config\Cache), false)
 7 SYSTEMPATH\Boot.php(334): CodeIgniter\CodeIgniter->run()
 8 SYSTEMPATH\Boot.php(67): CodeIgniter\Boot::runCodeIgniter(Object(CodeIgniter\CodeIgniter))
 9 FCPATH\index.php(56): CodeIgniter\Boot::bootWeb(Object(Config\Paths))
CRITICAL - 2025-04-24 20:19:07 --> CodeIgniter\View\Exceptions\ViewException: Invalid file: "frontend/entrenamiento_view.php"
[Method: GET, Route: entrenamiento]
in SYSTEMPATH\Exceptions\FrameworkException.php on line 39.
 1 SYSTEMPATH\View\View.php(212): CodeIgniter\Exceptions\FrameworkException::forInvalidFile('frontend/entrenamiento_view.php')
 2 SYSTEMPATH\Common.php(1173): CodeIgniter\View\View->render('frontend/entrenamiento_view', [], true)
 3 APPPATH\Controllers\Home.php(46): view('frontend/entrenamiento_view')
 4 SYSTEMPATH\CodeIgniter.php(933): App\Controllers\Home->entrenamiento()
 5 SYSTEMPATH\CodeIgniter.php(507): CodeIgniter\CodeIgniter->runController(Object(App\Controllers\Home))
 6 SYSTEMPATH\CodeIgniter.php(354): CodeIgniter\CodeIgniter->handleRequest(null, Object(Config\Cache), false)
 7 SYSTEMPATH\Boot.php(334): CodeIgniter\CodeIgniter->run()
 8 SYSTEMPATH\Boot.php(67): CodeIgniter\Boot::runCodeIgniter(Object(CodeIgniter\CodeIgniter))
 9 FCPATH\index.php(56): CodeIgniter\Boot::bootWeb(Object(Config\Paths))
