DEBUG - 2025-06-16 04:41:10 --> Session: Class initialized using 'CodeIgniter\Session\Handlers\FileHandler' driver.
DEBUG - 2025-06-16 04:41:14 --> Session: Class initialized using 'CodeIgniter\Session\Handlers\FileHandler' driver.
DEBUG - 2025-06-16 04:41:20 --> Session: Class initialized using 'CodeIgniter\Session\Handlers\FileHandler' driver.
DEBUG - 2025-06-16 04:41:21 --> Session: Class initialized using 'CodeIgniter\Session\Handlers\FileHandler' driver.
DEBUG - 2025-06-16 04:41:30 --> Session: Class initialized using 'CodeIgniter\Session\Handlers\FileHandler' driver.
DEBUG - 2025-06-16 04:41:39 --> Session: Class initialized using 'CodeIgniter\Session\Handlers\FileHandler' driver.
DEBUG - 2025-06-16 04:41:39 --> Session: Class initialized using 'CodeIgniter\Session\Handlers\FileHandler' driver.
DEBUG - 2025-06-16 04:41:40 --> Session: Class initialized using 'CodeIgniter\Session\Handlers\FileHandler' driver.
DEBUG - 2025-06-16 04:41:43 --> Session: Class initialized using 'CodeIgniter\Session\Handlers\FileHandler' driver.
DEBUG - 2025-06-16 04:42:12 --> Session: Class initialized using 'CodeIgniter\Session\Handlers\FileHandler' driver.
DEBUG - 2025-06-16 04:42:43 --> Session: Class initialized using 'CodeIgniter\Session\Handlers\FileHandler' driver.
DEBUG - 2025-06-16 04:42:43 --> Session: Class initialized using 'CodeIgniter\Session\Handlers\FileHandler' driver.
DEBUG - 2025-06-16 04:42:48 --> Session: Class initialized using 'CodeIgniter\Session\Handlers\FileHandler' driver.
DEBUG - 2025-06-16 04:42:55 --> Session: Class initialized using 'CodeIgniter\Session\Handlers\FileHandler' driver.
DEBUG - 2025-06-16 04:42:55 --> Session: Class initialized using 'CodeIgniter\Session\Handlers\FileHandler' driver.
DEBUG - 2025-06-16 04:42:57 --> Session: Class initialized using 'CodeIgniter\Session\Handlers\FileHandler' driver.
DEBUG - 2025-06-16 04:42:59 --> Session: Class initialized using 'CodeIgniter\Session\Handlers\FileHandler' driver.
INFO - 2025-06-16 04:42:59 --> Cart Class Initialized
DEBUG - 2025-06-16 04:42:59 --> Session: Class initialized using 'CodeIgniter\Session\Handlers\FileHandler' driver.
INFO - 2025-06-16 04:42:59 --> Cart Class Initialized
DEBUG - 2025-06-16 04:43:01 --> Session: Class initialized using 'CodeIgniter\Session\Handlers\FileHandler' driver.
INFO - 2025-06-16 04:43:01 --> Cart Class Initialized
CRITICAL - 2025-06-16 04:43:01 --> Error: Class "App\Controllers\Detalle_venta_model" not found
[Method: GET, Route: ventas]
in APPPATH\Controllers\Cart_controller.php on line 35.
 1 SYSTEMPATH\CodeIgniter.php(933): App\Controllers\Cart_controller->guardar_venta()
 2 SYSTEMPATH\CodeIgniter.php(507): CodeIgniter\CodeIgniter->runController(Object(App\Controllers\Cart_controller))
 3 SYSTEMPATH\CodeIgniter.php(354): CodeIgniter\CodeIgniter->handleRequest(null, Object(Config\Cache), false)
 4 SYSTEMPATH\Boot.php(334): CodeIgniter\CodeIgniter->run()
 5 SYSTEMPATH\Boot.php(67): CodeIgniter\Boot::runCodeIgniter(Object(CodeIgniter\CodeIgniter))
 6 FCPATH\index.php(56): CodeIgniter\Boot::bootWeb(Object(Config\Paths))
DEBUG - 2025-06-16 04:49:54 --> Session: Class initialized using 'CodeIgniter\Session\Handlers\FileHandler' driver.
INFO - 2025-06-16 04:49:54 --> Cart Class Initialized
CRITICAL - 2025-06-16 04:49:54 --> Error: Class "App\Controllers\Detalle_venta_model" not found
[Method: GET, Route: ventas]
in APPPATH\Controllers\Cart_controller.php on line 35.
 1 SYSTEMPATH\CodeIgniter.php(933): App\Controllers\Cart_controller->guardar_venta()
 2 SYSTEMPATH\CodeIgniter.php(507): CodeIgniter\CodeIgniter->runController(Object(App\Controllers\Cart_controller))
 3 SYSTEMPATH\CodeIgniter.php(354): CodeIgniter\CodeIgniter->handleRequest(null, Object(Config\Cache), false)
 4 SYSTEMPATH\Boot.php(334): CodeIgniter\CodeIgniter->run()
 5 SYSTEMPATH\Boot.php(67): CodeIgniter\Boot::runCodeIgniter(Object(CodeIgniter\CodeIgniter))
 6 FCPATH\index.php(56): CodeIgniter\Boot::bootWeb(Object(Config\Paths))
DEBUG - 2025-06-16 04:49:54 --> Session: Class initialized using 'CodeIgniter\Session\Handlers\FileHandler' driver.
INFO - 2025-06-16 04:49:54 --> Cart Class Initialized
CRITICAL - 2025-06-16 04:49:54 --> Error: Class "App\Controllers\Detalle_venta_model" not found
[Method: GET, Route: ventas]
in APPPATH\Controllers\Cart_controller.php on line 35.
 1 SYSTEMPATH\CodeIgniter.php(933): App\Controllers\Cart_controller->guardar_venta()
 2 SYSTEMPATH\CodeIgniter.php(507): CodeIgniter\CodeIgniter->runController(Object(App\Controllers\Cart_controller))
 3 SYSTEMPATH\CodeIgniter.php(354): CodeIgniter\CodeIgniter->handleRequest(null, Object(Config\Cache), false)
 4 SYSTEMPATH\Boot.php(334): CodeIgniter\CodeIgniter->run()
 5 SYSTEMPATH\Boot.php(67): CodeIgniter\Boot::runCodeIgniter(Object(CodeIgniter\CodeIgniter))
 6 FCPATH\index.php(56): CodeIgniter\Boot::bootWeb(Object(Config\Paths))
DEBUG - 2025-06-16 04:49:54 --> Session: Class initialized using 'CodeIgniter\Session\Handlers\FileHandler' driver.
INFO - 2025-06-16 04:49:54 --> Cart Class Initialized
CRITICAL - 2025-06-16 04:49:54 --> Error: Class "App\Controllers\Detalle_venta_model" not found
[Method: GET, Route: ventas]
in APPPATH\Controllers\Cart_controller.php on line 35.
 1 SYSTEMPATH\CodeIgniter.php(933): App\Controllers\Cart_controller->guardar_venta()
 2 SYSTEMPATH\CodeIgniter.php(507): CodeIgniter\CodeIgniter->runController(Object(App\Controllers\Cart_controller))
 3 SYSTEMPATH\CodeIgniter.php(354): CodeIgniter\CodeIgniter->handleRequest(null, Object(Config\Cache), false)
 4 SYSTEMPATH\Boot.php(334): CodeIgniter\CodeIgniter->run()
 5 SYSTEMPATH\Boot.php(67): CodeIgniter\Boot::runCodeIgniter(Object(CodeIgniter\CodeIgniter))
 6 FCPATH\index.php(56): CodeIgniter\Boot::bootWeb(Object(Config\Paths))
DEBUG - 2025-06-16 04:49:55 --> Session: Class initialized using 'CodeIgniter\Session\Handlers\FileHandler' driver.
INFO - 2025-06-16 04:49:55 --> Cart Class Initialized
CRITICAL - 2025-06-16 04:49:55 --> Error: Class "App\Controllers\Detalle_venta_model" not found
[Method: GET, Route: ventas]
in APPPATH\Controllers\Cart_controller.php on line 35.
 1 SYSTEMPATH\CodeIgniter.php(933): App\Controllers\Cart_controller->guardar_venta()
 2 SYSTEMPATH\CodeIgniter.php(507): CodeIgniter\CodeIgniter->runController(Object(App\Controllers\Cart_controller))
 3 SYSTEMPATH\CodeIgniter.php(354): CodeIgniter\CodeIgniter->handleRequest(null, Object(Config\Cache), false)
 4 SYSTEMPATH\Boot.php(334): CodeIgniter\CodeIgniter->run()
 5 SYSTEMPATH\Boot.php(67): CodeIgniter\Boot::runCodeIgniter(Object(CodeIgniter\CodeIgniter))
 6 FCPATH\index.php(56): CodeIgniter\Boot::bootWeb(Object(Config\Paths))
DEBUG - 2025-06-16 04:49:55 --> Session: Class initialized using 'CodeIgniter\Session\Handlers\FileHandler' driver.
INFO - 2025-06-16 04:49:55 --> Cart Class Initialized
CRITICAL - 2025-06-16 04:49:55 --> Error: Class "App\Controllers\Detalle_venta_model" not found
[Method: GET, Route: ventas]
in APPPATH\Controllers\Cart_controller.php on line 35.
 1 SYSTEMPATH\CodeIgniter.php(933): App\Controllers\Cart_controller->guardar_venta()
 2 SYSTEMPATH\CodeIgniter.php(507): CodeIgniter\CodeIgniter->runController(Object(App\Controllers\Cart_controller))
 3 SYSTEMPATH\CodeIgniter.php(354): CodeIgniter\CodeIgniter->handleRequest(null, Object(Config\Cache), false)
 4 SYSTEMPATH\Boot.php(334): CodeIgniter\CodeIgniter->run()
 5 SYSTEMPATH\Boot.php(67): CodeIgniter\Boot::runCodeIgniter(Object(CodeIgniter\CodeIgniter))
 6 FCPATH\index.php(56): CodeIgniter\Boot::bootWeb(Object(Config\Paths))
DEBUG - 2025-06-16 04:50:10 --> Session: Class initialized using 'CodeIgniter\Session\Handlers\FileHandler' driver.
INFO - 2025-06-16 04:50:10 --> Cart Class Initialized
CRITICAL - 2025-06-16 04:50:10 --> Error: Class "App\Controllers\Detalle_venta_model" not found
[Method: GET, Route: ventas]
in APPPATH\Controllers\Cart_controller.php on line 35.
 1 SYSTEMPATH\CodeIgniter.php(933): App\Controllers\Cart_controller->guardar_venta()
 2 SYSTEMPATH\CodeIgniter.php(507): CodeIgniter\CodeIgniter->runController(Object(App\Controllers\Cart_controller))
 3 SYSTEMPATH\CodeIgniter.php(354): CodeIgniter\CodeIgniter->handleRequest(null, Object(Config\Cache), false)
 4 SYSTEMPATH\Boot.php(334): CodeIgniter\CodeIgniter->run()
 5 SYSTEMPATH\Boot.php(67): CodeIgniter\Boot::runCodeIgniter(Object(CodeIgniter\CodeIgniter))
 6 FCPATH\index.php(56): CodeIgniter\Boot::bootWeb(Object(Config\Paths))
DEBUG - 2025-06-16 04:50:16 --> Session: Class initialized using 'CodeIgniter\Session\Handlers\FileHandler' driver.
INFO - 2025-06-16 04:50:16 --> Cart Class Initialized
CRITICAL - 2025-06-16 04:50:16 --> Error: Class "App\Controllers\Detalle_ventas_model" not found
[Method: GET, Route: ventas]
in APPPATH\Controllers\Cart_controller.php on line 35.
 1 SYSTEMPATH\CodeIgniter.php(933): App\Controllers\Cart_controller->guardar_venta()
 2 SYSTEMPATH\CodeIgniter.php(507): CodeIgniter\CodeIgniter->runController(Object(App\Controllers\Cart_controller))
 3 SYSTEMPATH\CodeIgniter.php(354): CodeIgniter\CodeIgniter->handleRequest(null, Object(Config\Cache), false)
 4 SYSTEMPATH\Boot.php(334): CodeIgniter\CodeIgniter->run()
 5 SYSTEMPATH\Boot.php(67): CodeIgniter\Boot::runCodeIgniter(Object(CodeIgniter\CodeIgniter))
 6 FCPATH\index.php(56): CodeIgniter\Boot::bootWeb(Object(Config\Paths))
DEBUG - 2025-06-16 04:50:34 --> Session: Class initialized using 'CodeIgniter\Session\Handlers\FileHandler' driver.
INFO - 2025-06-16 04:50:34 --> Cart Class Initialized
CRITICAL - 2025-06-16 04:50:34 --> Error: Class "App\Controllers\Detalle_ventas_model" not found
[Method: GET, Route: ventas]
in APPPATH\Controllers\Cart_controller.php on line 35.
 1 SYSTEMPATH\CodeIgniter.php(933): App\Controllers\Cart_controller->guardar_venta()
 2 SYSTEMPATH\CodeIgniter.php(507): CodeIgniter\CodeIgniter->runController(Object(App\Controllers\Cart_controller))
 3 SYSTEMPATH\CodeIgniter.php(354): CodeIgniter\CodeIgniter->handleRequest(null, Object(Config\Cache), false)
 4 SYSTEMPATH\Boot.php(334): CodeIgniter\CodeIgniter->run()
 5 SYSTEMPATH\Boot.php(67): CodeIgniter\Boot::runCodeIgniter(Object(CodeIgniter\CodeIgniter))
 6 FCPATH\index.php(56): CodeIgniter\Boot::bootWeb(Object(Config\Paths))
DEBUG - 2025-06-16 04:50:35 --> Session: Class initialized using 'CodeIgniter\Session\Handlers\FileHandler' driver.
INFO - 2025-06-16 04:50:35 --> Cart Class Initialized
CRITICAL - 2025-06-16 04:50:35 --> Error: Class "App\Controllers\Detalle_ventas_model" not found
[Method: GET, Route: ventas]
in APPPATH\Controllers\Cart_controller.php on line 35.
 1 SYSTEMPATH\CodeIgniter.php(933): App\Controllers\Cart_controller->guardar_venta()
 2 SYSTEMPATH\CodeIgniter.php(507): CodeIgniter\CodeIgniter->runController(Object(App\Controllers\Cart_controller))
 3 SYSTEMPATH\CodeIgniter.php(354): CodeIgniter\CodeIgniter->handleRequest(null, Object(Config\Cache), false)
 4 SYSTEMPATH\Boot.php(334): CodeIgniter\CodeIgniter->run()
 5 SYSTEMPATH\Boot.php(67): CodeIgniter\Boot::runCodeIgniter(Object(CodeIgniter\CodeIgniter))
 6 FCPATH\index.php(56): CodeIgniter\Boot::bootWeb(Object(Config\Paths))
DEBUG - 2025-06-16 04:50:36 --> Session: Class initialized using 'CodeIgniter\Session\Handlers\FileHandler' driver.
INFO - 2025-06-16 04:50:36 --> Cart Class Initialized
CRITICAL - 2025-06-16 04:50:36 --> Error: Class "App\Controllers\Detalle_ventas_model" not found
[Method: GET, Route: ventas]
in APPPATH\Controllers\Cart_controller.php on line 35.
 1 SYSTEMPATH\CodeIgniter.php(933): App\Controllers\Cart_controller->guardar_venta()
 2 SYSTEMPATH\CodeIgniter.php(507): CodeIgniter\CodeIgniter->runController(Object(App\Controllers\Cart_controller))
 3 SYSTEMPATH\CodeIgniter.php(354): CodeIgniter\CodeIgniter->handleRequest(null, Object(Config\Cache), false)
 4 SYSTEMPATH\Boot.php(334): CodeIgniter\CodeIgniter->run()
 5 SYSTEMPATH\Boot.php(67): CodeIgniter\Boot::runCodeIgniter(Object(CodeIgniter\CodeIgniter))
 6 FCPATH\index.php(56): CodeIgniter\Boot::bootWeb(Object(Config\Paths))
DEBUG - 2025-06-16 04:50:36 --> Session: Class initialized using 'CodeIgniter\Session\Handlers\FileHandler' driver.
INFO - 2025-06-16 04:50:36 --> Cart Class Initialized
CRITICAL - 2025-06-16 04:50:36 --> Error: Class "App\Controllers\Detalle_ventas_model" not found
[Method: GET, Route: ventas]
in APPPATH\Controllers\Cart_controller.php on line 35.
 1 SYSTEMPATH\CodeIgniter.php(933): App\Controllers\Cart_controller->guardar_venta()
 2 SYSTEMPATH\CodeIgniter.php(507): CodeIgniter\CodeIgniter->runController(Object(App\Controllers\Cart_controller))
 3 SYSTEMPATH\CodeIgniter.php(354): CodeIgniter\CodeIgniter->handleRequest(null, Object(Config\Cache), false)
 4 SYSTEMPATH\Boot.php(334): CodeIgniter\CodeIgniter->run()
 5 SYSTEMPATH\Boot.php(67): CodeIgniter\Boot::runCodeIgniter(Object(CodeIgniter\CodeIgniter))
 6 FCPATH\index.php(56): CodeIgniter\Boot::bootWeb(Object(Config\Paths))
DEBUG - 2025-06-16 04:50:37 --> Session: Class initialized using 'CodeIgniter\Session\Handlers\FileHandler' driver.
INFO - 2025-06-16 04:50:37 --> Cart Class Initialized
CRITICAL - 2025-06-16 04:50:37 --> Error: Class "App\Controllers\Detalle_ventas_model" not found
[Method: GET, Route: ventas]
in APPPATH\Controllers\Cart_controller.php on line 35.
 1 SYSTEMPATH\CodeIgniter.php(933): App\Controllers\Cart_controller->guardar_venta()
 2 SYSTEMPATH\CodeIgniter.php(507): CodeIgniter\CodeIgniter->runController(Object(App\Controllers\Cart_controller))
 3 SYSTEMPATH\CodeIgniter.php(354): CodeIgniter\CodeIgniter->handleRequest(null, Object(Config\Cache), false)
 4 SYSTEMPATH\Boot.php(334): CodeIgniter\CodeIgniter->run()
 5 SYSTEMPATH\Boot.php(67): CodeIgniter\Boot::runCodeIgniter(Object(CodeIgniter\CodeIgniter))
 6 FCPATH\index.php(56): CodeIgniter\Boot::bootWeb(Object(Config\Paths))
DEBUG - 2025-06-16 04:50:37 --> Session: Class initialized using 'CodeIgniter\Session\Handlers\FileHandler' driver.
INFO - 2025-06-16 04:50:37 --> Cart Class Initialized
CRITICAL - 2025-06-16 04:50:37 --> Error: Class "App\Controllers\Detalle_ventas_model" not found
[Method: GET, Route: ventas]
in APPPATH\Controllers\Cart_controller.php on line 35.
 1 SYSTEMPATH\CodeIgniter.php(933): App\Controllers\Cart_controller->guardar_venta()
 2 SYSTEMPATH\CodeIgniter.php(507): CodeIgniter\CodeIgniter->runController(Object(App\Controllers\Cart_controller))
 3 SYSTEMPATH\CodeIgniter.php(354): CodeIgniter\CodeIgniter->handleRequest(null, Object(Config\Cache), false)
 4 SYSTEMPATH\Boot.php(334): CodeIgniter\CodeIgniter->run()
 5 SYSTEMPATH\Boot.php(67): CodeIgniter\Boot::runCodeIgniter(Object(CodeIgniter\CodeIgniter))
 6 FCPATH\index.php(56): CodeIgniter\Boot::bootWeb(Object(Config\Paths))
DEBUG - 2025-06-16 04:50:38 --> Session: Class initialized using 'CodeIgniter\Session\Handlers\FileHandler' driver.
INFO - 2025-06-16 04:50:38 --> Cart Class Initialized
CRITICAL - 2025-06-16 04:50:38 --> Error: Class "App\Controllers\Detalle_ventas_model" not found
[Method: GET, Route: ventas]
in APPPATH\Controllers\Cart_controller.php on line 35.
 1 SYSTEMPATH\CodeIgniter.php(933): App\Controllers\Cart_controller->guardar_venta()
 2 SYSTEMPATH\CodeIgniter.php(507): CodeIgniter\CodeIgniter->runController(Object(App\Controllers\Cart_controller))
 3 SYSTEMPATH\CodeIgniter.php(354): CodeIgniter\CodeIgniter->handleRequest(null, Object(Config\Cache), false)
 4 SYSTEMPATH\Boot.php(334): CodeIgniter\CodeIgniter->run()
 5 SYSTEMPATH\Boot.php(67): CodeIgniter\Boot::runCodeIgniter(Object(CodeIgniter\CodeIgniter))
 6 FCPATH\index.php(56): CodeIgniter\Boot::bootWeb(Object(Config\Paths))
DEBUG - 2025-06-16 04:50:38 --> Session: Class initialized using 'CodeIgniter\Session\Handlers\FileHandler' driver.
INFO - 2025-06-16 04:50:38 --> Cart Class Initialized
CRITICAL - 2025-06-16 04:50:38 --> Error: Class "App\Controllers\Detalle_ventas_model" not found
[Method: GET, Route: ventas]
in APPPATH\Controllers\Cart_controller.php on line 35.
 1 SYSTEMPATH\CodeIgniter.php(933): App\Controllers\Cart_controller->guardar_venta()
 2 SYSTEMPATH\CodeIgniter.php(507): CodeIgniter\CodeIgniter->runController(Object(App\Controllers\Cart_controller))
 3 SYSTEMPATH\CodeIgniter.php(354): CodeIgniter\CodeIgniter->handleRequest(null, Object(Config\Cache), false)
 4 SYSTEMPATH\Boot.php(334): CodeIgniter\CodeIgniter->run()
 5 SYSTEMPATH\Boot.php(67): CodeIgniter\Boot::runCodeIgniter(Object(CodeIgniter\CodeIgniter))
 6 FCPATH\index.php(56): CodeIgniter\Boot::bootWeb(Object(Config\Paths))
DEBUG - 2025-06-16 04:50:56 --> Session: Class initialized using 'CodeIgniter\Session\Handlers\FileHandler' driver.
INFO - 2025-06-16 04:50:56 --> Cart Class Initialized
CRITICAL - 2025-06-16 04:50:56 --> Error: Class "App\Controllers\Detalle_ventas_model" not found
[Method: GET, Route: ventas]
in APPPATH\Controllers\Cart_controller.php on line 35.
 1 SYSTEMPATH\CodeIgniter.php(933): App\Controllers\Cart_controller->guardar_venta()
 2 SYSTEMPATH\CodeIgniter.php(507): CodeIgniter\CodeIgniter->runController(Object(App\Controllers\Cart_controller))
 3 SYSTEMPATH\CodeIgniter.php(354): CodeIgniter\CodeIgniter->handleRequest(null, Object(Config\Cache), false)
 4 SYSTEMPATH\Boot.php(334): CodeIgniter\CodeIgniter->run()
 5 SYSTEMPATH\Boot.php(67): CodeIgniter\Boot::runCodeIgniter(Object(CodeIgniter\CodeIgniter))
 6 FCPATH\index.php(56): CodeIgniter\Boot::bootWeb(Object(Config\Paths))
DEBUG - 2025-06-16 04:50:57 --> Session: Class initialized using 'CodeIgniter\Session\Handlers\FileHandler' driver.
INFO - 2025-06-16 04:50:57 --> Cart Class Initialized
CRITICAL - 2025-06-16 04:50:57 --> Error: Class "App\Controllers\Detalle_ventas_model" not found
[Method: GET, Route: ventas]
in APPPATH\Controllers\Cart_controller.php on line 35.
 1 SYSTEMPATH\CodeIgniter.php(933): App\Controllers\Cart_controller->guardar_venta()
 2 SYSTEMPATH\CodeIgniter.php(507): CodeIgniter\CodeIgniter->runController(Object(App\Controllers\Cart_controller))
 3 SYSTEMPATH\CodeIgniter.php(354): CodeIgniter\CodeIgniter->handleRequest(null, Object(Config\Cache), false)
 4 SYSTEMPATH\Boot.php(334): CodeIgniter\CodeIgniter->run()
 5 SYSTEMPATH\Boot.php(67): CodeIgniter\Boot::runCodeIgniter(Object(CodeIgniter\CodeIgniter))
 6 FCPATH\index.php(56): CodeIgniter\Boot::bootWeb(Object(Config\Paths))
DEBUG - 2025-06-16 04:50:57 --> Session: Class initialized using 'CodeIgniter\Session\Handlers\FileHandler' driver.
INFO - 2025-06-16 04:50:57 --> Cart Class Initialized
CRITICAL - 2025-06-16 04:50:57 --> Error: Class "App\Controllers\Detalle_ventas_model" not found
[Method: GET, Route: ventas]
in APPPATH\Controllers\Cart_controller.php on line 35.
 1 SYSTEMPATH\CodeIgniter.php(933): App\Controllers\Cart_controller->guardar_venta()
 2 SYSTEMPATH\CodeIgniter.php(507): CodeIgniter\CodeIgniter->runController(Object(App\Controllers\Cart_controller))
 3 SYSTEMPATH\CodeIgniter.php(354): CodeIgniter\CodeIgniter->handleRequest(null, Object(Config\Cache), false)
 4 SYSTEMPATH\Boot.php(334): CodeIgniter\CodeIgniter->run()
 5 SYSTEMPATH\Boot.php(67): CodeIgniter\Boot::runCodeIgniter(Object(CodeIgniter\CodeIgniter))
 6 FCPATH\index.php(56): CodeIgniter\Boot::bootWeb(Object(Config\Paths))
DEBUG - 2025-06-16 04:50:57 --> Session: Class initialized using 'CodeIgniter\Session\Handlers\FileHandler' driver.
INFO - 2025-06-16 04:50:57 --> Cart Class Initialized
CRITICAL - 2025-06-16 04:50:57 --> Error: Class "App\Controllers\Detalle_ventas_model" not found
[Method: GET, Route: ventas]
in APPPATH\Controllers\Cart_controller.php on line 35.
 1 SYSTEMPATH\CodeIgniter.php(933): App\Controllers\Cart_controller->guardar_venta()
 2 SYSTEMPATH\CodeIgniter.php(507): CodeIgniter\CodeIgniter->runController(Object(App\Controllers\Cart_controller))
 3 SYSTEMPATH\CodeIgniter.php(354): CodeIgniter\CodeIgniter->handleRequest(null, Object(Config\Cache), false)
 4 SYSTEMPATH\Boot.php(334): CodeIgniter\CodeIgniter->run()
 5 SYSTEMPATH\Boot.php(67): CodeIgniter\Boot::runCodeIgniter(Object(CodeIgniter\CodeIgniter))
 6 FCPATH\index.php(56): CodeIgniter\Boot::bootWeb(Object(Config\Paths))
DEBUG - 2025-06-16 04:50:57 --> Session: Class initialized using 'CodeIgniter\Session\Handlers\FileHandler' driver.
INFO - 2025-06-16 04:50:57 --> Cart Class Initialized
CRITICAL - 2025-06-16 04:50:57 --> Error: Class "App\Controllers\Detalle_ventas_model" not found
[Method: GET, Route: ventas]
in APPPATH\Controllers\Cart_controller.php on line 35.
 1 SYSTEMPATH\CodeIgniter.php(933): App\Controllers\Cart_controller->guardar_venta()
 2 SYSTEMPATH\CodeIgniter.php(507): CodeIgniter\CodeIgniter->runController(Object(App\Controllers\Cart_controller))
 3 SYSTEMPATH\CodeIgniter.php(354): CodeIgniter\CodeIgniter->handleRequest(null, Object(Config\Cache), false)
 4 SYSTEMPATH\Boot.php(334): CodeIgniter\CodeIgniter->run()
 5 SYSTEMPATH\Boot.php(67): CodeIgniter\Boot::runCodeIgniter(Object(CodeIgniter\CodeIgniter))
 6 FCPATH\index.php(56): CodeIgniter\Boot::bootWeb(Object(Config\Paths))
DEBUG - 2025-06-16 04:50:58 --> Session: Class initialized using 'CodeIgniter\Session\Handlers\FileHandler' driver.
INFO - 2025-06-16 04:50:58 --> Cart Class Initialized
CRITICAL - 2025-06-16 04:50:58 --> Error: Class "App\Controllers\Detalle_ventas_model" not found
[Method: GET, Route: ventas]
in APPPATH\Controllers\Cart_controller.php on line 35.
 1 SYSTEMPATH\CodeIgniter.php(933): App\Controllers\Cart_controller->guardar_venta()
 2 SYSTEMPATH\CodeIgniter.php(507): CodeIgniter\CodeIgniter->runController(Object(App\Controllers\Cart_controller))
 3 SYSTEMPATH\CodeIgniter.php(354): CodeIgniter\CodeIgniter->handleRequest(null, Object(Config\Cache), false)
 4 SYSTEMPATH\Boot.php(334): CodeIgniter\CodeIgniter->run()
 5 SYSTEMPATH\Boot.php(67): CodeIgniter\Boot::runCodeIgniter(Object(CodeIgniter\CodeIgniter))
 6 FCPATH\index.php(56): CodeIgniter\Boot::bootWeb(Object(Config\Paths))
DEBUG - 2025-06-16 04:50:58 --> Session: Class initialized using 'CodeIgniter\Session\Handlers\FileHandler' driver.
INFO - 2025-06-16 04:50:58 --> Cart Class Initialized
CRITICAL - 2025-06-16 04:50:58 --> Error: Class "App\Controllers\Detalle_ventas_model" not found
[Method: GET, Route: ventas]
in APPPATH\Controllers\Cart_controller.php on line 35.
 1 SYSTEMPATH\CodeIgniter.php(933): App\Controllers\Cart_controller->guardar_venta()
 2 SYSTEMPATH\CodeIgniter.php(507): CodeIgniter\CodeIgniter->runController(Object(App\Controllers\Cart_controller))
 3 SYSTEMPATH\CodeIgniter.php(354): CodeIgniter\CodeIgniter->handleRequest(null, Object(Config\Cache), false)
 4 SYSTEMPATH\Boot.php(334): CodeIgniter\CodeIgniter->run()
 5 SYSTEMPATH\Boot.php(67): CodeIgniter\Boot::runCodeIgniter(Object(CodeIgniter\CodeIgniter))
 6 FCPATH\index.php(56): CodeIgniter\Boot::bootWeb(Object(Config\Paths))
DEBUG - 2025-06-16 04:50:58 --> Session: Class initialized using 'CodeIgniter\Session\Handlers\FileHandler' driver.
INFO - 2025-06-16 04:50:58 --> Cart Class Initialized
CRITICAL - 2025-06-16 04:50:58 --> Error: Class "App\Controllers\Detalle_ventas_model" not found
[Method: GET, Route: ventas]
in APPPATH\Controllers\Cart_controller.php on line 35.
 1 SYSTEMPATH\CodeIgniter.php(933): App\Controllers\Cart_controller->guardar_venta()
 2 SYSTEMPATH\CodeIgniter.php(507): CodeIgniter\CodeIgniter->runController(Object(App\Controllers\Cart_controller))
 3 SYSTEMPATH\CodeIgniter.php(354): CodeIgniter\CodeIgniter->handleRequest(null, Object(Config\Cache), false)
 4 SYSTEMPATH\Boot.php(334): CodeIgniter\CodeIgniter->run()
 5 SYSTEMPATH\Boot.php(67): CodeIgniter\Boot::runCodeIgniter(Object(CodeIgniter\CodeIgniter))
 6 FCPATH\index.php(56): CodeIgniter\Boot::bootWeb(Object(Config\Paths))
DEBUG - 2025-06-16 04:50:58 --> Session: Class initialized using 'CodeIgniter\Session\Handlers\FileHandler' driver.
INFO - 2025-06-16 04:50:58 --> Cart Class Initialized
CRITICAL - 2025-06-16 04:50:58 --> Error: Class "App\Controllers\Detalle_ventas_model" not found
[Method: GET, Route: ventas]
in APPPATH\Controllers\Cart_controller.php on line 35.
 1 SYSTEMPATH\CodeIgniter.php(933): App\Controllers\Cart_controller->guardar_venta()
 2 SYSTEMPATH\CodeIgniter.php(507): CodeIgniter\CodeIgniter->runController(Object(App\Controllers\Cart_controller))
 3 SYSTEMPATH\CodeIgniter.php(354): CodeIgniter\CodeIgniter->handleRequest(null, Object(Config\Cache), false)
 4 SYSTEMPATH\Boot.php(334): CodeIgniter\CodeIgniter->run()
 5 SYSTEMPATH\Boot.php(67): CodeIgniter\Boot::runCodeIgniter(Object(CodeIgniter\CodeIgniter))
 6 FCPATH\index.php(56): CodeIgniter\Boot::bootWeb(Object(Config\Paths))
DEBUG - 2025-06-16 04:51:00 --> Session: Class initialized using 'CodeIgniter\Session\Handlers\FileHandler' driver.
INFO - 2025-06-16 04:51:00 --> Cart Class Initialized
CRITICAL - 2025-06-16 04:51:00 --> Error: Class "App\Controllers\Detalle_ventas_model" not found
[Method: GET, Route: ventas]
in APPPATH\Controllers\Cart_controller.php on line 35.
 1 SYSTEMPATH\CodeIgniter.php(933): App\Controllers\Cart_controller->guardar_venta()
 2 SYSTEMPATH\CodeIgniter.php(507): CodeIgniter\CodeIgniter->runController(Object(App\Controllers\Cart_controller))
 3 SYSTEMPATH\CodeIgniter.php(354): CodeIgniter\CodeIgniter->handleRequest(null, Object(Config\Cache), false)
 4 SYSTEMPATH\Boot.php(334): CodeIgniter\CodeIgniter->run()
 5 SYSTEMPATH\Boot.php(67): CodeIgniter\Boot::runCodeIgniter(Object(CodeIgniter\CodeIgniter))
 6 FCPATH\index.php(56): CodeIgniter\Boot::bootWeb(Object(Config\Paths))
DEBUG - 2025-06-16 04:51:24 --> Session: Class initialized using 'CodeIgniter\Session\Handlers\FileHandler' driver.
INFO - 2025-06-16 04:51:24 --> Cart Class Initialized
CRITICAL - 2025-06-16 04:51:24 --> Error: Class "App\Controllers\Detalle_ventas_model" not found
[Method: GET, Route: ventas]
in APPPATH\Controllers\Cart_controller.php on line 35.
 1 SYSTEMPATH\CodeIgniter.php(933): App\Controllers\Cart_controller->guardar_venta()
 2 SYSTEMPATH\CodeIgniter.php(507): CodeIgniter\CodeIgniter->runController(Object(App\Controllers\Cart_controller))
 3 SYSTEMPATH\CodeIgniter.php(354): CodeIgniter\CodeIgniter->handleRequest(null, Object(Config\Cache), false)
 4 SYSTEMPATH\Boot.php(334): CodeIgniter\CodeIgniter->run()
 5 SYSTEMPATH\Boot.php(67): CodeIgniter\Boot::runCodeIgniter(Object(CodeIgniter\CodeIgniter))
 6 FCPATH\index.php(56): CodeIgniter\Boot::bootWeb(Object(Config\Paths))
DEBUG - 2025-06-16 04:51:25 --> Session: Class initialized using 'CodeIgniter\Session\Handlers\FileHandler' driver.
INFO - 2025-06-16 04:51:25 --> Cart Class Initialized
CRITICAL - 2025-06-16 04:51:25 --> Error: Class "App\Controllers\Detalle_ventas_modelo" not found
[Method: GET, Route: ventas]
in APPPATH\Controllers\Cart_controller.php on line 35.
 1 SYSTEMPATH\CodeIgniter.php(933): App\Controllers\Cart_controller->guardar_venta()
 2 SYSTEMPATH\CodeIgniter.php(507): CodeIgniter\CodeIgniter->runController(Object(App\Controllers\Cart_controller))
 3 SYSTEMPATH\CodeIgniter.php(354): CodeIgniter\CodeIgniter->handleRequest(null, Object(Config\Cache), false)
 4 SYSTEMPATH\Boot.php(334): CodeIgniter\CodeIgniter->run()
 5 SYSTEMPATH\Boot.php(67): CodeIgniter\Boot::runCodeIgniter(Object(CodeIgniter\CodeIgniter))
 6 FCPATH\index.php(56): CodeIgniter\Boot::bootWeb(Object(Config\Paths))
DEBUG - 2025-06-16 04:51:25 --> Session: Class initialized using 'CodeIgniter\Session\Handlers\FileHandler' driver.
INFO - 2025-06-16 04:51:25 --> Cart Class Initialized
CRITICAL - 2025-06-16 04:51:25 --> Error: Class "App\Controllers\Detalle_ventas_modelo" not found
[Method: GET, Route: ventas]
in APPPATH\Controllers\Cart_controller.php on line 35.
 1 SYSTEMPATH\CodeIgniter.php(933): App\Controllers\Cart_controller->guardar_venta()
 2 SYSTEMPATH\CodeIgniter.php(507): CodeIgniter\CodeIgniter->runController(Object(App\Controllers\Cart_controller))
 3 SYSTEMPATH\CodeIgniter.php(354): CodeIgniter\CodeIgniter->handleRequest(null, Object(Config\Cache), false)
 4 SYSTEMPATH\Boot.php(334): CodeIgniter\CodeIgniter->run()
 5 SYSTEMPATH\Boot.php(67): CodeIgniter\Boot::runCodeIgniter(Object(CodeIgniter\CodeIgniter))
 6 FCPATH\index.php(56): CodeIgniter\Boot::bootWeb(Object(Config\Paths))
DEBUG - 2025-06-16 04:51:26 --> Session: Class initialized using 'CodeIgniter\Session\Handlers\FileHandler' driver.
INFO - 2025-06-16 04:51:26 --> Cart Class Initialized
CRITICAL - 2025-06-16 04:51:26 --> Error: Class "App\Controllers\Detalle_ventas_modelo" not found
[Method: GET, Route: ventas]
in APPPATH\Controllers\Cart_controller.php on line 35.
 1 SYSTEMPATH\CodeIgniter.php(933): App\Controllers\Cart_controller->guardar_venta()
 2 SYSTEMPATH\CodeIgniter.php(507): CodeIgniter\CodeIgniter->runController(Object(App\Controllers\Cart_controller))
 3 SYSTEMPATH\CodeIgniter.php(354): CodeIgniter\CodeIgniter->handleRequest(null, Object(Config\Cache), false)
 4 SYSTEMPATH\Boot.php(334): CodeIgniter\CodeIgniter->run()
 5 SYSTEMPATH\Boot.php(67): CodeIgniter\Boot::runCodeIgniter(Object(CodeIgniter\CodeIgniter))
 6 FCPATH\index.php(56): CodeIgniter\Boot::bootWeb(Object(Config\Paths))
DEBUG - 2025-06-16 04:51:26 --> Session: Class initialized using 'CodeIgniter\Session\Handlers\FileHandler' driver.
INFO - 2025-06-16 04:51:26 --> Cart Class Initialized
CRITICAL - 2025-06-16 04:51:26 --> Error: Class "App\Controllers\Detalle_ventas_modelo" not found
[Method: GET, Route: ventas]
in APPPATH\Controllers\Cart_controller.php on line 35.
 1 SYSTEMPATH\CodeIgniter.php(933): App\Controllers\Cart_controller->guardar_venta()
 2 SYSTEMPATH\CodeIgniter.php(507): CodeIgniter\CodeIgniter->runController(Object(App\Controllers\Cart_controller))
 3 SYSTEMPATH\CodeIgniter.php(354): CodeIgniter\CodeIgniter->handleRequest(null, Object(Config\Cache), false)
 4 SYSTEMPATH\Boot.php(334): CodeIgniter\CodeIgniter->run()
 5 SYSTEMPATH\Boot.php(67): CodeIgniter\Boot::runCodeIgniter(Object(CodeIgniter\CodeIgniter))
 6 FCPATH\index.php(56): CodeIgniter\Boot::bootWeb(Object(Config\Paths))
DEBUG - 2025-06-16 04:51:27 --> Session: Class initialized using 'CodeIgniter\Session\Handlers\FileHandler' driver.
INFO - 2025-06-16 04:51:27 --> Cart Class Initialized
CRITICAL - 2025-06-16 04:51:27 --> Error: Class "App\Controllers\Detalle_ventas_modelo" not found
[Method: GET, Route: ventas]
in APPPATH\Controllers\Cart_controller.php on line 35.
 1 SYSTEMPATH\CodeIgniter.php(933): App\Controllers\Cart_controller->guardar_venta()
 2 SYSTEMPATH\CodeIgniter.php(507): CodeIgniter\CodeIgniter->runController(Object(App\Controllers\Cart_controller))
 3 SYSTEMPATH\CodeIgniter.php(354): CodeIgniter\CodeIgniter->handleRequest(null, Object(Config\Cache), false)
 4 SYSTEMPATH\Boot.php(334): CodeIgniter\CodeIgniter->run()
 5 SYSTEMPATH\Boot.php(67): CodeIgniter\Boot::runCodeIgniter(Object(CodeIgniter\CodeIgniter))
 6 FCPATH\index.php(56): CodeIgniter\Boot::bootWeb(Object(Config\Paths))
DEBUG - 2025-06-16 04:51:27 --> Session: Class initialized using 'CodeIgniter\Session\Handlers\FileHandler' driver.
INFO - 2025-06-16 04:51:27 --> Cart Class Initialized
CRITICAL - 2025-06-16 04:51:27 --> Error: Class "App\Controllers\Detalle_ventas_modelo" not found
[Method: GET, Route: ventas]
in APPPATH\Controllers\Cart_controller.php on line 35.
 1 SYSTEMPATH\CodeIgniter.php(933): App\Controllers\Cart_controller->guardar_venta()
 2 SYSTEMPATH\CodeIgniter.php(507): CodeIgniter\CodeIgniter->runController(Object(App\Controllers\Cart_controller))
 3 SYSTEMPATH\CodeIgniter.php(354): CodeIgniter\CodeIgniter->handleRequest(null, Object(Config\Cache), false)
 4 SYSTEMPATH\Boot.php(334): CodeIgniter\CodeIgniter->run()
 5 SYSTEMPATH\Boot.php(67): CodeIgniter\Boot::runCodeIgniter(Object(CodeIgniter\CodeIgniter))
 6 FCPATH\index.php(56): CodeIgniter\Boot::bootWeb(Object(Config\Paths))
DEBUG - 2025-06-16 04:51:29 --> Session: Class initialized using 'CodeIgniter\Session\Handlers\FileHandler' driver.
INFO - 2025-06-16 04:51:29 --> Cart Class Initialized
CRITICAL - 2025-06-16 04:51:29 --> Error: Class "App\Controllers\Detalle_ventas_modelo" not found
[Method: GET, Route: ventas]
in APPPATH\Controllers\Cart_controller.php on line 35.
 1 SYSTEMPATH\CodeIgniter.php(933): App\Controllers\Cart_controller->guardar_venta()
 2 SYSTEMPATH\CodeIgniter.php(507): CodeIgniter\CodeIgniter->runController(Object(App\Controllers\Cart_controller))
 3 SYSTEMPATH\CodeIgniter.php(354): CodeIgniter\CodeIgniter->handleRequest(null, Object(Config\Cache), false)
 4 SYSTEMPATH\Boot.php(334): CodeIgniter\CodeIgniter->run()
 5 SYSTEMPATH\Boot.php(67): CodeIgniter\Boot::runCodeIgniter(Object(CodeIgniter\CodeIgniter))
 6 FCPATH\index.php(56): CodeIgniter\Boot::bootWeb(Object(Config\Paths))
DEBUG - 2025-06-16 04:51:29 --> Session: Class initialized using 'CodeIgniter\Session\Handlers\FileHandler' driver.
INFO - 2025-06-16 04:51:29 --> Cart Class Initialized
CRITICAL - 2025-06-16 04:51:29 --> Error: Class "App\Controllers\Detalle_ventas_model" not found
[Method: GET, Route: ventas]
in APPPATH\Controllers\Cart_controller.php on line 35.
 1 SYSTEMPATH\CodeIgniter.php(933): App\Controllers\Cart_controller->guardar_venta()
 2 SYSTEMPATH\CodeIgniter.php(507): CodeIgniter\CodeIgniter->runController(Object(App\Controllers\Cart_controller))
 3 SYSTEMPATH\CodeIgniter.php(354): CodeIgniter\CodeIgniter->handleRequest(null, Object(Config\Cache), false)
 4 SYSTEMPATH\Boot.php(334): CodeIgniter\CodeIgniter->run()
 5 SYSTEMPATH\Boot.php(67): CodeIgniter\Boot::runCodeIgniter(Object(CodeIgniter\CodeIgniter))
 6 FCPATH\index.php(56): CodeIgniter\Boot::bootWeb(Object(Config\Paths))
DEBUG - 2025-06-16 04:51:30 --> Session: Class initialized using 'CodeIgniter\Session\Handlers\FileHandler' driver.
INFO - 2025-06-16 04:51:30 --> Cart Class Initialized
CRITICAL - 2025-06-16 04:51:30 --> Error: Class "App\Controllers\Detalle_ventas_model" not found
[Method: GET, Route: ventas]
in APPPATH\Controllers\Cart_controller.php on line 35.
 1 SYSTEMPATH\CodeIgniter.php(933): App\Controllers\Cart_controller->guardar_venta()
 2 SYSTEMPATH\CodeIgniter.php(507): CodeIgniter\CodeIgniter->runController(Object(App\Controllers\Cart_controller))
 3 SYSTEMPATH\CodeIgniter.php(354): CodeIgniter\CodeIgniter->handleRequest(null, Object(Config\Cache), false)
 4 SYSTEMPATH\Boot.php(334): CodeIgniter\CodeIgniter->run()
 5 SYSTEMPATH\Boot.php(67): CodeIgniter\Boot::runCodeIgniter(Object(CodeIgniter\CodeIgniter))
 6 FCPATH\index.php(56): CodeIgniter\Boot::bootWeb(Object(Config\Paths))
DEBUG - 2025-06-16 04:51:30 --> Session: Class initialized using 'CodeIgniter\Session\Handlers\FileHandler' driver.
INFO - 2025-06-16 04:51:30 --> Cart Class Initialized
CRITICAL - 2025-06-16 04:51:30 --> Error: Class "App\Controllers\Detalle_ventas_model" not found
[Method: GET, Route: ventas]
in APPPATH\Controllers\Cart_controller.php on line 35.
 1 SYSTEMPATH\CodeIgniter.php(933): App\Controllers\Cart_controller->guardar_venta()
 2 SYSTEMPATH\CodeIgniter.php(507): CodeIgniter\CodeIgniter->runController(Object(App\Controllers\Cart_controller))
 3 SYSTEMPATH\CodeIgniter.php(354): CodeIgniter\CodeIgniter->handleRequest(null, Object(Config\Cache), false)
 4 SYSTEMPATH\Boot.php(334): CodeIgniter\CodeIgniter->run()
 5 SYSTEMPATH\Boot.php(67): CodeIgniter\Boot::runCodeIgniter(Object(CodeIgniter\CodeIgniter))
 6 FCPATH\index.php(56): CodeIgniter\Boot::bootWeb(Object(Config\Paths))
DEBUG - 2025-06-16 04:51:51 --> Session: Class initialized using 'CodeIgniter\Session\Handlers\FileHandler' driver.
INFO - 2025-06-16 04:51:51 --> Cart Class Initialized
CRITICAL - 2025-06-16 04:51:51 --> Error: Class "App\Controllers\Detalle_ventas_model" not found
[Method: GET, Route: ventas]
in APPPATH\Controllers\Cart_controller.php on line 35.
 1 SYSTEMPATH\CodeIgniter.php(933): App\Controllers\Cart_controller->guardar_venta()
 2 SYSTEMPATH\CodeIgniter.php(507): CodeIgniter\CodeIgniter->runController(Object(App\Controllers\Cart_controller))
 3 SYSTEMPATH\CodeIgniter.php(354): CodeIgniter\CodeIgniter->handleRequest(null, Object(Config\Cache), false)
 4 SYSTEMPATH\Boot.php(334): CodeIgniter\CodeIgniter->run()
 5 SYSTEMPATH\Boot.php(67): CodeIgniter\Boot::runCodeIgniter(Object(CodeIgniter\CodeIgniter))
 6 FCPATH\index.php(56): CodeIgniter\Boot::bootWeb(Object(Config\Paths))
DEBUG - 2025-06-16 04:51:52 --> Session: Class initialized using 'CodeIgniter\Session\Handlers\FileHandler' driver.
INFO - 2025-06-16 04:51:52 --> Cart Class Initialized
CRITICAL - 2025-06-16 04:51:52 --> Error: Class "App\Controllers\Detalle_ventas_model" not found
[Method: GET, Route: ventas]
in APPPATH\Controllers\Cart_controller.php on line 35.
 1 SYSTEMPATH\CodeIgniter.php(933): App\Controllers\Cart_controller->guardar_venta()
 2 SYSTEMPATH\CodeIgniter.php(507): CodeIgniter\CodeIgniter->runController(Object(App\Controllers\Cart_controller))
 3 SYSTEMPATH\CodeIgniter.php(354): CodeIgniter\CodeIgniter->handleRequest(null, Object(Config\Cache), false)
 4 SYSTEMPATH\Boot.php(334): CodeIgniter\CodeIgniter->run()
 5 SYSTEMPATH\Boot.php(67): CodeIgniter\Boot::runCodeIgniter(Object(CodeIgniter\CodeIgniter))
 6 FCPATH\index.php(56): CodeIgniter\Boot::bootWeb(Object(Config\Paths))
DEBUG - 2025-06-16 04:51:53 --> Session: Class initialized using 'CodeIgniter\Session\Handlers\FileHandler' driver.
INFO - 2025-06-16 04:51:53 --> Cart Class Initialized
CRITICAL - 2025-06-16 04:51:53 --> Error: Class "App\Controllers\Detalle_ventas_model" not found
[Method: GET, Route: ventas]
in APPPATH\Controllers\Cart_controller.php on line 35.
 1 SYSTEMPATH\CodeIgniter.php(933): App\Controllers\Cart_controller->guardar_venta()
 2 SYSTEMPATH\CodeIgniter.php(507): CodeIgniter\CodeIgniter->runController(Object(App\Controllers\Cart_controller))
 3 SYSTEMPATH\CodeIgniter.php(354): CodeIgniter\CodeIgniter->handleRequest(null, Object(Config\Cache), false)
 4 SYSTEMPATH\Boot.php(334): CodeIgniter\CodeIgniter->run()
 5 SYSTEMPATH\Boot.php(67): CodeIgniter\Boot::runCodeIgniter(Object(CodeIgniter\CodeIgniter))
 6 FCPATH\index.php(56): CodeIgniter\Boot::bootWeb(Object(Config\Paths))
DEBUG - 2025-06-16 04:51:53 --> Session: Class initialized using 'CodeIgniter\Session\Handlers\FileHandler' driver.
INFO - 2025-06-16 04:51:53 --> Cart Class Initialized
CRITICAL - 2025-06-16 04:51:53 --> Error: Class "App\Controllers\Detalle_ventas_model" not found
[Method: GET, Route: ventas]
in APPPATH\Controllers\Cart_controller.php on line 35.
 1 SYSTEMPATH\CodeIgniter.php(933): App\Controllers\Cart_controller->guardar_venta()
 2 SYSTEMPATH\CodeIgniter.php(507): CodeIgniter\CodeIgniter->runController(Object(App\Controllers\Cart_controller))
 3 SYSTEMPATH\CodeIgniter.php(354): CodeIgniter\CodeIgniter->handleRequest(null, Object(Config\Cache), false)
 4 SYSTEMPATH\Boot.php(334): CodeIgniter\CodeIgniter->run()
 5 SYSTEMPATH\Boot.php(67): CodeIgniter\Boot::runCodeIgniter(Object(CodeIgniter\CodeIgniter))
 6 FCPATH\index.php(56): CodeIgniter\Boot::bootWeb(Object(Config\Paths))
DEBUG - 2025-06-16 04:51:53 --> Session: Class initialized using 'CodeIgniter\Session\Handlers\FileHandler' driver.
INFO - 2025-06-16 04:51:53 --> Cart Class Initialized
CRITICAL - 2025-06-16 04:51:53 --> Error: Class "App\Controllers\Detalle_ventas_model" not found
[Method: GET, Route: ventas]
in APPPATH\Controllers\Cart_controller.php on line 35.
 1 SYSTEMPATH\CodeIgniter.php(933): App\Controllers\Cart_controller->guardar_venta()
 2 SYSTEMPATH\CodeIgniter.php(507): CodeIgniter\CodeIgniter->runController(Object(App\Controllers\Cart_controller))
 3 SYSTEMPATH\CodeIgniter.php(354): CodeIgniter\CodeIgniter->handleRequest(null, Object(Config\Cache), false)
 4 SYSTEMPATH\Boot.php(334): CodeIgniter\CodeIgniter->run()
 5 SYSTEMPATH\Boot.php(67): CodeIgniter\Boot::runCodeIgniter(Object(CodeIgniter\CodeIgniter))
 6 FCPATH\index.php(56): CodeIgniter\Boot::bootWeb(Object(Config\Paths))
DEBUG - 2025-06-16 04:51:53 --> Session: Class initialized using 'CodeIgniter\Session\Handlers\FileHandler' driver.
INFO - 2025-06-16 04:51:53 --> Cart Class Initialized
CRITICAL - 2025-06-16 04:51:53 --> Error: Class "App\Controllers\Detalle_ventas_model" not found
[Method: GET, Route: ventas]
in APPPATH\Controllers\Cart_controller.php on line 35.
 1 SYSTEMPATH\CodeIgniter.php(933): App\Controllers\Cart_controller->guardar_venta()
 2 SYSTEMPATH\CodeIgniter.php(507): CodeIgniter\CodeIgniter->runController(Object(App\Controllers\Cart_controller))
 3 SYSTEMPATH\CodeIgniter.php(354): CodeIgniter\CodeIgniter->handleRequest(null, Object(Config\Cache), false)
 4 SYSTEMPATH\Boot.php(334): CodeIgniter\CodeIgniter->run()
 5 SYSTEMPATH\Boot.php(67): CodeIgniter\Boot::runCodeIgniter(Object(CodeIgniter\CodeIgniter))
 6 FCPATH\index.php(56): CodeIgniter\Boot::bootWeb(Object(Config\Paths))
DEBUG - 2025-06-16 04:51:54 --> Session: Class initialized using 'CodeIgniter\Session\Handlers\FileHandler' driver.
INFO - 2025-06-16 04:51:54 --> Cart Class Initialized
CRITICAL - 2025-06-16 04:51:54 --> Error: Class "App\Controllers\Detalle_ventas_model" not found
[Method: GET, Route: ventas]
in APPPATH\Controllers\Cart_controller.php on line 35.
 1 SYSTEMPATH\CodeIgniter.php(933): App\Controllers\Cart_controller->guardar_venta()
 2 SYSTEMPATH\CodeIgniter.php(507): CodeIgniter\CodeIgniter->runController(Object(App\Controllers\Cart_controller))
 3 SYSTEMPATH\CodeIgniter.php(354): CodeIgniter\CodeIgniter->handleRequest(null, Object(Config\Cache), false)
 4 SYSTEMPATH\Boot.php(334): CodeIgniter\CodeIgniter->run()
 5 SYSTEMPATH\Boot.php(67): CodeIgniter\Boot::runCodeIgniter(Object(CodeIgniter\CodeIgniter))
 6 FCPATH\index.php(56): CodeIgniter\Boot::bootWeb(Object(Config\Paths))
DEBUG - 2025-06-16 04:53:18 --> Session: Class initialized using 'CodeIgniter\Session\Handlers\FileHandler' driver.
INFO - 2025-06-16 04:53:18 --> Cart Class Initialized
CRITICAL - 2025-06-16 04:53:18 --> Error: Cannot use object of type App\Models\Productos_model as array
[Method: GET, Route: ventas]
in APPPATH\Controllers\Cart_controller.php on line 42.
 1 SYSTEMPATH\CodeIgniter.php(933): App\Controllers\Cart_controller->guardar_venta()
 2 SYSTEMPATH\CodeIgniter.php(507): CodeIgniter\CodeIgniter->runController(Object(App\Controllers\Cart_controller))
 3 SYSTEMPATH\CodeIgniter.php(354): CodeIgniter\CodeIgniter->handleRequest(null, Object(Config\Cache), false)
 4 SYSTEMPATH\Boot.php(334): CodeIgniter\CodeIgniter->run()
 5 SYSTEMPATH\Boot.php(67): CodeIgniter\Boot::runCodeIgniter(Object(CodeIgniter\CodeIgniter))
 6 FCPATH\index.php(56): CodeIgniter\Boot::bootWeb(Object(Config\Paths))
DEBUG - 2025-06-16 04:53:19 --> Session: Class initialized using 'CodeIgniter\Session\Handlers\FileHandler' driver.
INFO - 2025-06-16 04:53:19 --> Cart Class Initialized
CRITICAL - 2025-06-16 04:53:19 --> Error: Cannot use object of type App\Models\Productos_model as array
[Method: GET, Route: ventas]
in APPPATH\Controllers\Cart_controller.php on line 42.
 1 SYSTEMPATH\CodeIgniter.php(933): App\Controllers\Cart_controller->guardar_venta()
 2 SYSTEMPATH\CodeIgniter.php(507): CodeIgniter\CodeIgniter->runController(Object(App\Controllers\Cart_controller))
 3 SYSTEMPATH\CodeIgniter.php(354): CodeIgniter\CodeIgniter->handleRequest(null, Object(Config\Cache), false)
 4 SYSTEMPATH\Boot.php(334): CodeIgniter\CodeIgniter->run()
 5 SYSTEMPATH\Boot.php(67): CodeIgniter\Boot::runCodeIgniter(Object(CodeIgniter\CodeIgniter))
 6 FCPATH\index.php(56): CodeIgniter\Boot::bootWeb(Object(Config\Paths))
DEBUG - 2025-06-16 04:53:19 --> Session: Class initialized using 'CodeIgniter\Session\Handlers\FileHandler' driver.
INFO - 2025-06-16 04:53:19 --> Cart Class Initialized
CRITICAL - 2025-06-16 04:53:19 --> Error: Cannot use object of type App\Models\Productos_model as array
[Method: GET, Route: ventas]
in APPPATH\Controllers\Cart_controller.php on line 42.
 1 SYSTEMPATH\CodeIgniter.php(933): App\Controllers\Cart_controller->guardar_venta()
 2 SYSTEMPATH\CodeIgniter.php(507): CodeIgniter\CodeIgniter->runController(Object(App\Controllers\Cart_controller))
 3 SYSTEMPATH\CodeIgniter.php(354): CodeIgniter\CodeIgniter->handleRequest(null, Object(Config\Cache), false)
 4 SYSTEMPATH\Boot.php(334): CodeIgniter\CodeIgniter->run()
 5 SYSTEMPATH\Boot.php(67): CodeIgniter\Boot::runCodeIgniter(Object(CodeIgniter\CodeIgniter))
 6 FCPATH\index.php(56): CodeIgniter\Boot::bootWeb(Object(Config\Paths))
DEBUG - 2025-06-16 04:54:30 --> Session: Class initialized using 'CodeIgniter\Session\Handlers\FileHandler' driver.
INFO - 2025-06-16 04:54:30 --> Cart Class Initialized
CRITICAL - 2025-06-16 04:54:30 --> ErrorException: Undefined variable $venta
[Method: GET, Route: ventas]
in APPPATH\Controllers\Cart_controller.php on line 51.
 1 APPPATH\Controllers\Cart_controller.php(51): CodeIgniter\Debug\Exceptions->errorHandler(2, 'Undefined variable $venta', 'C:\\xampp\\htdocs\\proyecto_castillo_barberan\\app\\Controllers\\Cart_controller.php', 51)
 2 SYSTEMPATH\CodeIgniter.php(933): App\Controllers\Cart_controller->guardar_venta()
 3 SYSTEMPATH\CodeIgniter.php(507): CodeIgniter\CodeIgniter->runController(Object(App\Controllers\Cart_controller))
 4 SYSTEMPATH\CodeIgniter.php(354): CodeIgniter\CodeIgniter->handleRequest(null, Object(Config\Cache), false)
 5 SYSTEMPATH\Boot.php(334): CodeIgniter\CodeIgniter->run()
 6 SYSTEMPATH\Boot.php(67): CodeIgniter\Boot::runCodeIgniter(Object(CodeIgniter\CodeIgniter))
 7 FCPATH\index.php(56): CodeIgniter\Boot::bootWeb(Object(Config\Paths))
DEBUG - 2025-06-16 04:54:30 --> Session: Class initialized using 'CodeIgniter\Session\Handlers\FileHandler' driver.
INFO - 2025-06-16 04:54:30 --> Cart Class Initialized
CRITICAL - 2025-06-16 04:54:30 --> ErrorException: Undefined variable $venta
[Method: GET, Route: ventas]
in APPPATH\Controllers\Cart_controller.php on line 51.
 1 APPPATH\Controllers\Cart_controller.php(51): CodeIgniter\Debug\Exceptions->errorHandler(2, 'Undefined variable $venta', 'C:\\xampp\\htdocs\\proyecto_castillo_barberan\\app\\Controllers\\Cart_controller.php', 51)
 2 SYSTEMPATH\CodeIgniter.php(933): App\Controllers\Cart_controller->guardar_venta()
 3 SYSTEMPATH\CodeIgniter.php(507): CodeIgniter\CodeIgniter->runController(Object(App\Controllers\Cart_controller))
 4 SYSTEMPATH\CodeIgniter.php(354): CodeIgniter\CodeIgniter->handleRequest(null, Object(Config\Cache), false)
 5 SYSTEMPATH\Boot.php(334): CodeIgniter\CodeIgniter->run()
 6 SYSTEMPATH\Boot.php(67): CodeIgniter\Boot::runCodeIgniter(Object(CodeIgniter\CodeIgniter))
 7 FCPATH\index.php(56): CodeIgniter\Boot::bootWeb(Object(Config\Paths))
DEBUG - 2025-06-16 04:54:30 --> Session: Class initialized using 'CodeIgniter\Session\Handlers\FileHandler' driver.
INFO - 2025-06-16 04:54:30 --> Cart Class Initialized
CRITICAL - 2025-06-16 04:54:31 --> ErrorException: Undefined variable $venta
[Method: GET, Route: ventas]
in APPPATH\Controllers\Cart_controller.php on line 51.
 1 APPPATH\Controllers\Cart_controller.php(51): CodeIgniter\Debug\Exceptions->errorHandler(2, 'Undefined variable $venta', 'C:\\xampp\\htdocs\\proyecto_castillo_barberan\\app\\Controllers\\Cart_controller.php', 51)
 2 SYSTEMPATH\CodeIgniter.php(933): App\Controllers\Cart_controller->guardar_venta()
 3 SYSTEMPATH\CodeIgniter.php(507): CodeIgniter\CodeIgniter->runController(Object(App\Controllers\Cart_controller))
 4 SYSTEMPATH\CodeIgniter.php(354): CodeIgniter\CodeIgniter->handleRequest(null, Object(Config\Cache), false)
 5 SYSTEMPATH\Boot.php(334): CodeIgniter\CodeIgniter->run()
 6 SYSTEMPATH\Boot.php(67): CodeIgniter\Boot::runCodeIgniter(Object(CodeIgniter\CodeIgniter))
 7 FCPATH\index.php(56): CodeIgniter\Boot::bootWeb(Object(Config\Paths))
DEBUG - 2025-06-16 04:54:31 --> Session: Class initialized using 'CodeIgniter\Session\Handlers\FileHandler' driver.
INFO - 2025-06-16 04:54:31 --> Cart Class Initialized
CRITICAL - 2025-06-16 04:54:31 --> ErrorException: Undefined variable $venta
[Method: GET, Route: ventas]
in APPPATH\Controllers\Cart_controller.php on line 51.
 1 APPPATH\Controllers\Cart_controller.php(51): CodeIgniter\Debug\Exceptions->errorHandler(2, 'Undefined variable $venta', 'C:\\xampp\\htdocs\\proyecto_castillo_barberan\\app\\Controllers\\Cart_controller.php', 51)
 2 SYSTEMPATH\CodeIgniter.php(933): App\Controllers\Cart_controller->guardar_venta()
 3 SYSTEMPATH\CodeIgniter.php(507): CodeIgniter\CodeIgniter->runController(Object(App\Controllers\Cart_controller))
 4 SYSTEMPATH\CodeIgniter.php(354): CodeIgniter\CodeIgniter->handleRequest(null, Object(Config\Cache), false)
 5 SYSTEMPATH\Boot.php(334): CodeIgniter\CodeIgniter->run()
 6 SYSTEMPATH\Boot.php(67): CodeIgniter\Boot::runCodeIgniter(Object(CodeIgniter\CodeIgniter))
 7 FCPATH\index.php(56): CodeIgniter\Boot::bootWeb(Object(Config\Paths))
DEBUG - 2025-06-16 04:54:31 --> Session: Class initialized using 'CodeIgniter\Session\Handlers\FileHandler' driver.
INFO - 2025-06-16 04:54:31 --> Cart Class Initialized
CRITICAL - 2025-06-16 04:54:31 --> ErrorException: Undefined variable $venta
[Method: GET, Route: ventas]
in APPPATH\Controllers\Cart_controller.php on line 51.
 1 APPPATH\Controllers\Cart_controller.php(51): CodeIgniter\Debug\Exceptions->errorHandler(2, 'Undefined variable $venta', 'C:\\xampp\\htdocs\\proyecto_castillo_barberan\\app\\Controllers\\Cart_controller.php', 51)
 2 SYSTEMPATH\CodeIgniter.php(933): App\Controllers\Cart_controller->guardar_venta()
 3 SYSTEMPATH\CodeIgniter.php(507): CodeIgniter\CodeIgniter->runController(Object(App\Controllers\Cart_controller))
 4 SYSTEMPATH\CodeIgniter.php(354): CodeIgniter\CodeIgniter->handleRequest(null, Object(Config\Cache), false)
 5 SYSTEMPATH\Boot.php(334): CodeIgniter\CodeIgniter->run()
 6 SYSTEMPATH\Boot.php(67): CodeIgniter\Boot::runCodeIgniter(Object(CodeIgniter\CodeIgniter))
 7 FCPATH\index.php(56): CodeIgniter\Boot::bootWeb(Object(Config\Paths))
DEBUG - 2025-06-16 04:54:32 --> Session: Class initialized using 'CodeIgniter\Session\Handlers\FileHandler' driver.
INFO - 2025-06-16 04:54:32 --> Cart Class Initialized
CRITICAL - 2025-06-16 04:54:32 --> ErrorException: Undefined variable $venta
[Method: GET, Route: ventas]
in APPPATH\Controllers\Cart_controller.php on line 51.
 1 APPPATH\Controllers\Cart_controller.php(51): CodeIgniter\Debug\Exceptions->errorHandler(2, 'Undefined variable $venta', 'C:\\xampp\\htdocs\\proyecto_castillo_barberan\\app\\Controllers\\Cart_controller.php', 51)
 2 SYSTEMPATH\CodeIgniter.php(933): App\Controllers\Cart_controller->guardar_venta()
 3 SYSTEMPATH\CodeIgniter.php(507): CodeIgniter\CodeIgniter->runController(Object(App\Controllers\Cart_controller))
 4 SYSTEMPATH\CodeIgniter.php(354): CodeIgniter\CodeIgniter->handleRequest(null, Object(Config\Cache), false)
 5 SYSTEMPATH\Boot.php(334): CodeIgniter\CodeIgniter->run()
 6 SYSTEMPATH\Boot.php(67): CodeIgniter\Boot::runCodeIgniter(Object(CodeIgniter\CodeIgniter))
 7 FCPATH\index.php(56): CodeIgniter\Boot::bootWeb(Object(Config\Paths))
DEBUG - 2025-06-16 04:54:32 --> Session: Class initialized using 'CodeIgniter\Session\Handlers\FileHandler' driver.
INFO - 2025-06-16 04:54:32 --> Cart Class Initialized
CRITICAL - 2025-06-16 04:54:32 --> ErrorException: Undefined variable $venta
[Method: GET, Route: ventas]
in APPPATH\Controllers\Cart_controller.php on line 51.
 1 APPPATH\Controllers\Cart_controller.php(51): CodeIgniter\Debug\Exceptions->errorHandler(2, 'Undefined variable $venta', 'C:\\xampp\\htdocs\\proyecto_castillo_barberan\\app\\Controllers\\Cart_controller.php', 51)
 2 SYSTEMPATH\CodeIgniter.php(933): App\Controllers\Cart_controller->guardar_venta()
 3 SYSTEMPATH\CodeIgniter.php(507): CodeIgniter\CodeIgniter->runController(Object(App\Controllers\Cart_controller))
 4 SYSTEMPATH\CodeIgniter.php(354): CodeIgniter\CodeIgniter->handleRequest(null, Object(Config\Cache), false)
 5 SYSTEMPATH\Boot.php(334): CodeIgniter\CodeIgniter->run()
 6 SYSTEMPATH\Boot.php(67): CodeIgniter\Boot::runCodeIgniter(Object(CodeIgniter\CodeIgniter))
 7 FCPATH\index.php(56): CodeIgniter\Boot::bootWeb(Object(Config\Paths))
DEBUG - 2025-06-16 04:54:32 --> Session: Class initialized using 'CodeIgniter\Session\Handlers\FileHandler' driver.
INFO - 2025-06-16 04:54:32 --> Cart Class Initialized
CRITICAL - 2025-06-16 04:54:32 --> ErrorException: Undefined variable $venta
[Method: GET, Route: ventas]
in APPPATH\Controllers\Cart_controller.php on line 51.
 1 APPPATH\Controllers\Cart_controller.php(51): CodeIgniter\Debug\Exceptions->errorHandler(2, 'Undefined variable $venta', 'C:\\xampp\\htdocs\\proyecto_castillo_barberan\\app\\Controllers\\Cart_controller.php', 51)
 2 SYSTEMPATH\CodeIgniter.php(933): App\Controllers\Cart_controller->guardar_venta()
 3 SYSTEMPATH\CodeIgniter.php(507): CodeIgniter\CodeIgniter->runController(Object(App\Controllers\Cart_controller))
 4 SYSTEMPATH\CodeIgniter.php(354): CodeIgniter\CodeIgniter->handleRequest(null, Object(Config\Cache), false)
 5 SYSTEMPATH\Boot.php(334): CodeIgniter\CodeIgniter->run()
 6 SYSTEMPATH\Boot.php(67): CodeIgniter\Boot::runCodeIgniter(Object(CodeIgniter\CodeIgniter))
 7 FCPATH\index.php(56): CodeIgniter\Boot::bootWeb(Object(Config\Paths))
DEBUG - 2025-06-16 04:55:14 --> Session: Class initialized using 'CodeIgniter\Session\Handlers\FileHandler' driver.
INFO - 2025-06-16 04:55:14 --> Cart Class Initialized
CRITICAL - 2025-06-16 04:55:14 --> ErrorException: Undefined variable $libro
[Method: GET, Route: ventas]
in APPPATH\Controllers\Cart_controller.php on line 69.
 1 APPPATH\Controllers\Cart_controller.php(69): CodeIgniter\Debug\Exceptions->errorHandler(2, 'Undefined variable $libro', 'C:\\xampp\\htdocs\\proyecto_castillo_barberan\\app\\Controllers\\Cart_controller.php', 69)
 2 SYSTEMPATH\CodeIgniter.php(933): App\Controllers\Cart_controller->guardar_venta()
 3 SYSTEMPATH\CodeIgniter.php(507): CodeIgniter\CodeIgniter->runController(Object(App\Controllers\Cart_controller))
 4 SYSTEMPATH\CodeIgniter.php(354): CodeIgniter\CodeIgniter->handleRequest(null, Object(Config\Cache), false)
 5 SYSTEMPATH\Boot.php(334): CodeIgniter\CodeIgniter->run()
 6 SYSTEMPATH\Boot.php(67): CodeIgniter\Boot::runCodeIgniter(Object(CodeIgniter\CodeIgniter))
 7 FCPATH\index.php(56): CodeIgniter\Boot::bootWeb(Object(Config\Paths))
DEBUG - 2025-06-16 04:55:15 --> Session: Class initialized using 'CodeIgniter\Session\Handlers\FileHandler' driver.
INFO - 2025-06-16 04:55:15 --> Cart Class Initialized
CRITICAL - 2025-06-16 04:55:15 --> ErrorException: Undefined variable $libro
[Method: GET, Route: ventas]
in APPPATH\Controllers\Cart_controller.php on line 69.
 1 APPPATH\Controllers\Cart_controller.php(69): CodeIgniter\Debug\Exceptions->errorHandler(2, 'Undefined variable $libro', 'C:\\xampp\\htdocs\\proyecto_castillo_barberan\\app\\Controllers\\Cart_controller.php', 69)
 2 SYSTEMPATH\CodeIgniter.php(933): App\Controllers\Cart_controller->guardar_venta()
 3 SYSTEMPATH\CodeIgniter.php(507): CodeIgniter\CodeIgniter->runController(Object(App\Controllers\Cart_controller))
 4 SYSTEMPATH\CodeIgniter.php(354): CodeIgniter\CodeIgniter->handleRequest(null, Object(Config\Cache), false)
 5 SYSTEMPATH\Boot.php(334): CodeIgniter\CodeIgniter->run()
 6 SYSTEMPATH\Boot.php(67): CodeIgniter\Boot::runCodeIgniter(Object(CodeIgniter\CodeIgniter))
 7 FCPATH\index.php(56): CodeIgniter\Boot::bootWeb(Object(Config\Paths))
DEBUG - 2025-06-16 04:55:15 --> Session: Class initialized using 'CodeIgniter\Session\Handlers\FileHandler' driver.
INFO - 2025-06-16 04:55:15 --> Cart Class Initialized
CRITICAL - 2025-06-16 04:55:15 --> ErrorException: Undefined variable $libro
[Method: GET, Route: ventas]
in APPPATH\Controllers\Cart_controller.php on line 69.
 1 APPPATH\Controllers\Cart_controller.php(69): CodeIgniter\Debug\Exceptions->errorHandler(2, 'Undefined variable $libro', 'C:\\xampp\\htdocs\\proyecto_castillo_barberan\\app\\Controllers\\Cart_controller.php', 69)
 2 SYSTEMPATH\CodeIgniter.php(933): App\Controllers\Cart_controller->guardar_venta()
 3 SYSTEMPATH\CodeIgniter.php(507): CodeIgniter\CodeIgniter->runController(Object(App\Controllers\Cart_controller))
 4 SYSTEMPATH\CodeIgniter.php(354): CodeIgniter\CodeIgniter->handleRequest(null, Object(Config\Cache), false)
 5 SYSTEMPATH\Boot.php(334): CodeIgniter\CodeIgniter->run()
 6 SYSTEMPATH\Boot.php(67): CodeIgniter\Boot::runCodeIgniter(Object(CodeIgniter\CodeIgniter))
 7 FCPATH\index.php(56): CodeIgniter\Boot::bootWeb(Object(Config\Paths))
DEBUG - 2025-06-16 04:55:27 --> Session: Class initialized using 'CodeIgniter\Session\Handlers\FileHandler' driver.
INFO - 2025-06-16 04:55:27 --> Cart Class Initialized
CRITICAL - 2025-06-16 04:55:27 --> Error: Call to a member function update() on array
[Method: GET, Route: ventas]
in APPPATH\Controllers\Cart_controller.php on line 69.
 1 SYSTEMPATH\CodeIgniter.php(933): App\Controllers\Cart_controller->guardar_venta()
 2 SYSTEMPATH\CodeIgniter.php(507): CodeIgniter\CodeIgniter->runController(Object(App\Controllers\Cart_controller))
 3 SYSTEMPATH\CodeIgniter.php(354): CodeIgniter\CodeIgniter->handleRequest(null, Object(Config\Cache), false)
 4 SYSTEMPATH\Boot.php(334): CodeIgniter\CodeIgniter->run()
 5 SYSTEMPATH\Boot.php(67): CodeIgniter\Boot::runCodeIgniter(Object(CodeIgniter\CodeIgniter))
 6 FCPATH\index.php(56): CodeIgniter\Boot::bootWeb(Object(Config\Paths))
DEBUG - 2025-06-16 04:55:28 --> Session: Class initialized using 'CodeIgniter\Session\Handlers\FileHandler' driver.
INFO - 2025-06-16 04:55:28 --> Cart Class Initialized
CRITICAL - 2025-06-16 04:55:28 --> Error: Call to a member function update() on array
[Method: GET, Route: ventas]
in APPPATH\Controllers\Cart_controller.php on line 69.
 1 SYSTEMPATH\CodeIgniter.php(933): App\Controllers\Cart_controller->guardar_venta()
 2 SYSTEMPATH\CodeIgniter.php(507): CodeIgniter\CodeIgniter->runController(Object(App\Controllers\Cart_controller))
 3 SYSTEMPATH\CodeIgniter.php(354): CodeIgniter\CodeIgniter->handleRequest(null, Object(Config\Cache), false)
 4 SYSTEMPATH\Boot.php(334): CodeIgniter\CodeIgniter->run()
 5 SYSTEMPATH\Boot.php(67): CodeIgniter\Boot::runCodeIgniter(Object(CodeIgniter\CodeIgniter))
 6 FCPATH\index.php(56): CodeIgniter\Boot::bootWeb(Object(Config\Paths))
DEBUG - 2025-06-16 04:55:28 --> Session: Class initialized using 'CodeIgniter\Session\Handlers\FileHandler' driver.
INFO - 2025-06-16 04:55:28 --> Cart Class Initialized
CRITICAL - 2025-06-16 04:55:28 --> Error: Call to a member function update() on array
[Method: GET, Route: ventas]
in APPPATH\Controllers\Cart_controller.php on line 69.
 1 SYSTEMPATH\CodeIgniter.php(933): App\Controllers\Cart_controller->guardar_venta()
 2 SYSTEMPATH\CodeIgniter.php(507): CodeIgniter\CodeIgniter->runController(Object(App\Controllers\Cart_controller))
 3 SYSTEMPATH\CodeIgniter.php(354): CodeIgniter\CodeIgniter->handleRequest(null, Object(Config\Cache), false)
 4 SYSTEMPATH\Boot.php(334): CodeIgniter\CodeIgniter->run()
 5 SYSTEMPATH\Boot.php(67): CodeIgniter\Boot::runCodeIgniter(Object(CodeIgniter\CodeIgniter))
 6 FCPATH\index.php(56): CodeIgniter\Boot::bootWeb(Object(Config\Paths))
DEBUG - 2025-06-16 04:55:31 --> Session: Class initialized using 'CodeIgniter\Session\Handlers\FileHandler' driver.
INFO - 2025-06-16 04:55:31 --> Cart Class Initialized
CRITICAL - 2025-06-16 04:55:31 --> Error: Call to a member function update() on array
[Method: GET, Route: ventas]
in APPPATH\Controllers\Cart_controller.php on line 69.
 1 SYSTEMPATH\CodeIgniter.php(933): App\Controllers\Cart_controller->guardar_venta()
 2 SYSTEMPATH\CodeIgniter.php(507): CodeIgniter\CodeIgniter->runController(Object(App\Controllers\Cart_controller))
 3 SYSTEMPATH\CodeIgniter.php(354): CodeIgniter\CodeIgniter->handleRequest(null, Object(Config\Cache), false)
 4 SYSTEMPATH\Boot.php(334): CodeIgniter\CodeIgniter->run()
 5 SYSTEMPATH\Boot.php(67): CodeIgniter\Boot::runCodeIgniter(Object(CodeIgniter\CodeIgniter))
 6 FCPATH\index.php(56): CodeIgniter\Boot::bootWeb(Object(Config\Paths))
DEBUG - 2025-06-16 04:55:31 --> Session: Class initialized using 'CodeIgniter\Session\Handlers\FileHandler' driver.
INFO - 2025-06-16 04:55:31 --> Cart Class Initialized
CRITICAL - 2025-06-16 04:55:31 --> ErrorException: Undefined variable $detalle_data
[Method: GET, Route: ventas]
in APPPATH\Controllers\Cart_controller.php on line 71.
 1 APPPATH\Controllers\Cart_controller.php(71): CodeIgniter\Debug\Exceptions->errorHandler(2, 'Undefined variable $detalle_data', 'C:\\xampp\\htdocs\\proyecto_castillo_barberan\\app\\Controllers\\Cart_controller.php', 71)
 2 SYSTEMPATH\CodeIgniter.php(933): App\Controllers\Cart_controller->guardar_venta()
 3 SYSTEMPATH\CodeIgniter.php(507): CodeIgniter\CodeIgniter->runController(Object(App\Controllers\Cart_controller))
 4 SYSTEMPATH\CodeIgniter.php(354): CodeIgniter\CodeIgniter->handleRequest(null, Object(Config\Cache), false)
 5 SYSTEMPATH\Boot.php(334): CodeIgniter\CodeIgniter->run()
 6 SYSTEMPATH\Boot.php(67): CodeIgniter\Boot::runCodeIgniter(Object(CodeIgniter\CodeIgniter))
 7 FCPATH\index.php(56): CodeIgniter\Boot::bootWeb(Object(Config\Paths))
DEBUG - 2025-06-16 04:55:32 --> Session: Class initialized using 'CodeIgniter\Session\Handlers\FileHandler' driver.
INFO - 2025-06-16 04:55:32 --> Cart Class Initialized
CRITICAL - 2025-06-16 04:55:32 --> ErrorException: Undefined variable $detalle_data
[Method: GET, Route: ventas]
in APPPATH\Controllers\Cart_controller.php on line 71.
 1 APPPATH\Controllers\Cart_controller.php(71): CodeIgniter\Debug\Exceptions->errorHandler(2, 'Undefined variable $detalle_data', 'C:\\xampp\\htdocs\\proyecto_castillo_barberan\\app\\Controllers\\Cart_controller.php', 71)
 2 SYSTEMPATH\CodeIgniter.php(933): App\Controllers\Cart_controller->guardar_venta()
 3 SYSTEMPATH\CodeIgniter.php(507): CodeIgniter\CodeIgniter->runController(Object(App\Controllers\Cart_controller))
 4 SYSTEMPATH\CodeIgniter.php(354): CodeIgniter\CodeIgniter->handleRequest(null, Object(Config\Cache), false)
 5 SYSTEMPATH\Boot.php(334): CodeIgniter\CodeIgniter->run()
 6 SYSTEMPATH\Boot.php(67): CodeIgniter\Boot::runCodeIgniter(Object(CodeIgniter\CodeIgniter))
 7 FCPATH\index.php(56): CodeIgniter\Boot::bootWeb(Object(Config\Paths))
DEBUG - 2025-06-16 04:55:32 --> Session: Class initialized using 'CodeIgniter\Session\Handlers\FileHandler' driver.
INFO - 2025-06-16 04:55:32 --> Cart Class Initialized
CRITICAL - 2025-06-16 04:55:32 --> ErrorException: Undefined variable $detalle_data
[Method: GET, Route: ventas]
in APPPATH\Controllers\Cart_controller.php on line 71.
 1 APPPATH\Controllers\Cart_controller.php(71): CodeIgniter\Debug\Exceptions->errorHandler(2, 'Undefined variable $detalle_data', 'C:\\xampp\\htdocs\\proyecto_castillo_barberan\\app\\Controllers\\Cart_controller.php', 71)
 2 SYSTEMPATH\CodeIgniter.php(933): App\Controllers\Cart_controller->guardar_venta()
 3 SYSTEMPATH\CodeIgniter.php(507): CodeIgniter\CodeIgniter->runController(Object(App\Controllers\Cart_controller))
 4 SYSTEMPATH\CodeIgniter.php(354): CodeIgniter\CodeIgniter->handleRequest(null, Object(Config\Cache), false)
 5 SYSTEMPATH\Boot.php(334): CodeIgniter\CodeIgniter->run()
 6 SYSTEMPATH\Boot.php(67): CodeIgniter\Boot::runCodeIgniter(Object(CodeIgniter\CodeIgniter))
 7 FCPATH\index.php(56): CodeIgniter\Boot::bootWeb(Object(Config\Paths))
DEBUG - 2025-06-16 04:55:32 --> Session: Class initialized using 'CodeIgniter\Session\Handlers\FileHandler' driver.
INFO - 2025-06-16 04:55:32 --> Cart Class Initialized
DEBUG - 2025-06-16 04:55:32 --> Session: Class initialized using 'CodeIgniter\Session\Handlers\FileHandler' driver.
INFO - 2025-06-16 04:55:32 --> Cart Class Initialized
DEBUG - 2025-06-16 04:55:32 --> Session: Class initialized using 'CodeIgniter\Session\Handlers\FileHandler' driver.
INFO - 2025-06-16 04:55:32 --> Cart Class Initialized
DEBUG - 2025-06-16 04:55:33 --> Session: Class initialized using 'CodeIgniter\Session\Handlers\FileHandler' driver.
INFO - 2025-06-16 04:55:33 --> Cart Class Initialized
DEBUG - 2025-06-16 04:55:33 --> Session: Class initialized using 'CodeIgniter\Session\Handlers\FileHandler' driver.
INFO - 2025-06-16 04:55:33 --> Cart Class Initialized
DEBUG - 2025-06-16 04:55:33 --> Session: Class initialized using 'CodeIgniter\Session\Handlers\FileHandler' driver.
INFO - 2025-06-16 04:55:33 --> Cart Class Initialized
DEBUG - 2025-06-16 04:55:36 --> Session: Class initialized using 'CodeIgniter\Session\Handlers\FileHandler' driver.
INFO - 2025-06-16 04:55:36 --> Cart Class Initialized
DEBUG - 2025-06-16 04:55:37 --> Session: Class initialized using 'CodeIgniter\Session\Handlers\FileHandler' driver.
INFO - 2025-06-16 04:55:37 --> Cart Class Initialized
DEBUG - 2025-06-16 04:55:37 --> Session: Class initialized using 'CodeIgniter\Session\Handlers\FileHandler' driver.
INFO - 2025-06-16 04:55:37 --> Cart Class Initialized
DEBUG - 2025-06-16 04:55:37 --> Session: Class initialized using 'CodeIgniter\Session\Handlers\FileHandler' driver.
INFO - 2025-06-16 04:55:37 --> Cart Class Initialized
DEBUG - 2025-06-16 04:55:37 --> Session: Class initialized using 'CodeIgniter\Session\Handlers\FileHandler' driver.
INFO - 2025-06-16 04:55:37 --> Cart Class Initialized
DEBUG - 2025-06-16 04:55:39 --> Session: Class initialized using 'CodeIgniter\Session\Handlers\FileHandler' driver.
INFO - 2025-06-16 04:55:39 --> Cart Class Initialized
DEBUG - 2025-06-16 04:55:39 --> Session: Class initialized using 'CodeIgniter\Session\Handlers\FileHandler' driver.
INFO - 2025-06-16 04:55:39 --> Cart Class Initialized
DEBUG - 2025-06-16 04:55:47 --> Session: Class initialized using 'CodeIgniter\Session\Handlers\FileHandler' driver.
INFO - 2025-06-16 04:55:47 --> Cart Class Initialized
DEBUG - 2025-06-16 04:55:47 --> Session: Class initialized using 'CodeIgniter\Session\Handlers\FileHandler' driver.
INFO - 2025-06-16 04:55:47 --> Cart Class Initialized
DEBUG - 2025-06-16 04:56:00 --> Session: Class initialized using 'CodeIgniter\Session\Handlers\FileHandler' driver.
INFO - 2025-06-16 04:56:00 --> Cart Class Initialized
DEBUG - 2025-06-16 04:56:00 --> Session: Class initialized using 'CodeIgniter\Session\Handlers\FileHandler' driver.
INFO - 2025-06-16 04:56:00 --> Cart Class Initialized
DEBUG - 2025-06-16 04:56:13 --> Session: Class initialized using 'CodeIgniter\Session\Handlers\FileHandler' driver.
INFO - 2025-06-16 04:56:13 --> Cart Class Initialized
DEBUG - 2025-06-16 04:56:13 --> Session: Class initialized using 'CodeIgniter\Session\Handlers\FileHandler' driver.
INFO - 2025-06-16 04:56:13 --> Cart Class Initialized
DEBUG - 2025-06-16 04:56:39 --> Session: Class initialized using 'CodeIgniter\Session\Handlers\FileHandler' driver.
INFO - 2025-06-16 04:56:39 --> Cart Class Initialized
DEBUG - 2025-06-16 04:56:39 --> Session: Class initialized using 'CodeIgniter\Session\Handlers\FileHandler' driver.
INFO - 2025-06-16 04:56:39 --> Cart Class Initialized
DEBUG - 2025-06-16 04:56:43 --> Session: Class initialized using 'CodeIgniter\Session\Handlers\FileHandler' driver.
DEBUG - 2025-06-16 04:56:46 --> Session: Class initialized using 'CodeIgniter\Session\Handlers\FileHandler' driver.
DEBUG - 2025-06-16 04:58:53 --> Session: Class initialized using 'CodeIgniter\Session\Handlers\FileHandler' driver.
DEBUG - 2025-06-16 05:01:11 --> Session: Class initialized using 'CodeIgniter\Session\Handlers\FileHandler' driver.
CRITICAL - 2025-06-16 05:01:11 --> ErrorException: Undefined variable $productos
[Method: GET, Route: catalogo]
in APPPATH\Views\frontend\catalogo_productos_view.php on line 5.
 1 APPPATH\Views\frontend\catalogo_productos_view.php(5): CodeIgniter\Debug\Exceptions->errorHandler(2, 'Undefined variable $productos', 'C:\\xampp\\htdocs\\proyecto_castillo_barberan\\app\\Views\\frontend\\catalogo_productos_view.php', 5)
 2 SYSTEMPATH\View\View.php(224): include('C:\\xampp\\htdocs\\proyecto_castillo_barberan\\app\\Views\\frontend\\catalogo_productos_view.php')
 3 SYSTEMPATH\View\View.php(227): CodeIgniter\View\View->CodeIgniter\View\{closure}()
 4 SYSTEMPATH\Common.php(1173): CodeIgniter\View\View->render('frontend/catalogo_productos_view', [], true)
 5 APPPATH\Controllers\Productos_controller.php(201): view('frontend/catalogo_productos_view')
 6 SYSTEMPATH\CodeIgniter.php(933): App\Controllers\Productos_controller->listar_productos_catalogo()
 7 SYSTEMPATH\CodeIgniter.php(507): CodeIgniter\CodeIgniter->runController(Object(App\Controllers\Productos_controller))
 8 SYSTEMPATH\CodeIgniter.php(354): CodeIgniter\CodeIgniter->handleRequest(null, Object(Config\Cache), false)
 9 SYSTEMPATH\Boot.php(334): CodeIgniter\CodeIgniter->run()
10 SYSTEMPATH\Boot.php(67): CodeIgniter\Boot::runCodeIgniter(Object(CodeIgniter\CodeIgniter))
11 FCPATH\index.php(56): CodeIgniter\Boot::bootWeb(Object(Config\Paths))
DEBUG - 2025-06-16 05:01:11 --> Session: Class initialized using 'CodeIgniter\Session\Handlers\FileHandler' driver.
CRITICAL - 2025-06-16 05:01:11 --> ErrorException: Undefined variable $productos
[Method: GET, Route: catalogo]
in APPPATH\Views\frontend\catalogo_productos_view.php on line 5.
 1 APPPATH\Views\frontend\catalogo_productos_view.php(5): CodeIgniter\Debug\Exceptions->errorHandler(2, 'Undefined variable $productos', 'C:\\xampp\\htdocs\\proyecto_castillo_barberan\\app\\Views\\frontend\\catalogo_productos_view.php', 5)
 2 SYSTEMPATH\View\View.php(224): include('C:\\xampp\\htdocs\\proyecto_castillo_barberan\\app\\Views\\frontend\\catalogo_productos_view.php')
 3 SYSTEMPATH\View\View.php(227): CodeIgniter\View\View->CodeIgniter\View\{closure}()
 4 SYSTEMPATH\Common.php(1173): CodeIgniter\View\View->render('frontend/catalogo_productos_view', [], true)
 5 APPPATH\Controllers\Productos_controller.php(201): view('frontend/catalogo_productos_view')
 6 SYSTEMPATH\CodeIgniter.php(933): App\Controllers\Productos_controller->listar_productos_catalogo()
 7 SYSTEMPATH\CodeIgniter.php(507): CodeIgniter\CodeIgniter->runController(Object(App\Controllers\Productos_controller))
 8 SYSTEMPATH\CodeIgniter.php(354): CodeIgniter\CodeIgniter->handleRequest(null, Object(Config\Cache), false)
 9 SYSTEMPATH\Boot.php(334): CodeIgniter\CodeIgniter->run()
10 SYSTEMPATH\Boot.php(67): CodeIgniter\Boot::runCodeIgniter(Object(CodeIgniter\CodeIgniter))
11 FCPATH\index.php(56): CodeIgniter\Boot::bootWeb(Object(Config\Paths))
DEBUG - 2025-06-16 05:01:12 --> Session: Class initialized using 'CodeIgniter\Session\Handlers\FileHandler' driver.
CRITICAL - 2025-06-16 05:01:12 --> ErrorException: Undefined variable $productos
[Method: GET, Route: catalogo]
in APPPATH\Views\frontend\catalogo_productos_view.php on line 5.
 1 APPPATH\Views\frontend\catalogo_productos_view.php(5): CodeIgniter\Debug\Exceptions->errorHandler(2, 'Undefined variable $productos', 'C:\\xampp\\htdocs\\proyecto_castillo_barberan\\app\\Views\\frontend\\catalogo_productos_view.php', 5)
 2 SYSTEMPATH\View\View.php(224): include('C:\\xampp\\htdocs\\proyecto_castillo_barberan\\app\\Views\\frontend\\catalogo_productos_view.php')
 3 SYSTEMPATH\View\View.php(227): CodeIgniter\View\View->CodeIgniter\View\{closure}()
 4 SYSTEMPATH\Common.php(1173): CodeIgniter\View\View->render('frontend/catalogo_productos_view', [], true)
 5 APPPATH\Controllers\Productos_controller.php(201): view('frontend/catalogo_productos_view')
 6 SYSTEMPATH\CodeIgniter.php(933): App\Controllers\Productos_controller->listar_productos_catalogo()
 7 SYSTEMPATH\CodeIgniter.php(507): CodeIgniter\CodeIgniter->runController(Object(App\Controllers\Productos_controller))
 8 SYSTEMPATH\CodeIgniter.php(354): CodeIgniter\CodeIgniter->handleRequest(null, Object(Config\Cache), false)
 9 SYSTEMPATH\Boot.php(334): CodeIgniter\CodeIgniter->run()
10 SYSTEMPATH\Boot.php(67): CodeIgniter\Boot::runCodeIgniter(Object(CodeIgniter\CodeIgniter))
11 FCPATH\index.php(56): CodeIgniter\Boot::bootWeb(Object(Config\Paths))
DEBUG - 2025-06-16 05:01:12 --> Session: Class initialized using 'CodeIgniter\Session\Handlers\FileHandler' driver.
CRITICAL - 2025-06-16 05:01:12 --> ErrorException: Undefined variable $productos
[Method: GET, Route: catalogo]
in APPPATH\Views\frontend\catalogo_productos_view.php on line 5.
 1 APPPATH\Views\frontend\catalogo_productos_view.php(5): CodeIgniter\Debug\Exceptions->errorHandler(2, 'Undefined variable $productos', 'C:\\xampp\\htdocs\\proyecto_castillo_barberan\\app\\Views\\frontend\\catalogo_productos_view.php', 5)
 2 SYSTEMPATH\View\View.php(224): include('C:\\xampp\\htdocs\\proyecto_castillo_barberan\\app\\Views\\frontend\\catalogo_productos_view.php')
 3 SYSTEMPATH\View\View.php(227): CodeIgniter\View\View->CodeIgniter\View\{closure}()
 4 SYSTEMPATH\Common.php(1173): CodeIgniter\View\View->render('frontend/catalogo_productos_view', [], true)
 5 APPPATH\Controllers\Productos_controller.php(201): view('frontend/catalogo_productos_view')
 6 SYSTEMPATH\CodeIgniter.php(933): App\Controllers\Productos_controller->listar_productos_catalogo()
 7 SYSTEMPATH\CodeIgniter.php(507): CodeIgniter\CodeIgniter->runController(Object(App\Controllers\Productos_controller))
 8 SYSTEMPATH\CodeIgniter.php(354): CodeIgniter\CodeIgniter->handleRequest(null, Object(Config\Cache), false)
 9 SYSTEMPATH\Boot.php(334): CodeIgniter\CodeIgniter->run()
10 SYSTEMPATH\Boot.php(67): CodeIgniter\Boot::runCodeIgniter(Object(CodeIgniter\CodeIgniter))
11 FCPATH\index.php(56): CodeIgniter\Boot::bootWeb(Object(Config\Paths))
DEBUG - 2025-06-16 05:01:12 --> Session: Class initialized using 'CodeIgniter\Session\Handlers\FileHandler' driver.
CRITICAL - 2025-06-16 05:01:12 --> ErrorException: Undefined variable $productos
[Method: GET, Route: catalogo]
in APPPATH\Views\frontend\catalogo_productos_view.php on line 5.
 1 APPPATH\Views\frontend\catalogo_productos_view.php(5): CodeIgniter\Debug\Exceptions->errorHandler(2, 'Undefined variable $productos', 'C:\\xampp\\htdocs\\proyecto_castillo_barberan\\app\\Views\\frontend\\catalogo_productos_view.php', 5)
 2 SYSTEMPATH\View\View.php(224): include('C:\\xampp\\htdocs\\proyecto_castillo_barberan\\app\\Views\\frontend\\catalogo_productos_view.php')
 3 SYSTEMPATH\View\View.php(227): CodeIgniter\View\View->CodeIgniter\View\{closure}()
 4 SYSTEMPATH\Common.php(1173): CodeIgniter\View\View->render('frontend/catalogo_productos_view', [], true)
 5 APPPATH\Controllers\Productos_controller.php(201): view('frontend/catalogo_productos_view')
 6 SYSTEMPATH\CodeIgniter.php(933): App\Controllers\Productos_controller->listar_productos_catalogo()
 7 SYSTEMPATH\CodeIgniter.php(507): CodeIgniter\CodeIgniter->runController(Object(App\Controllers\Productos_controller))
 8 SYSTEMPATH\CodeIgniter.php(354): CodeIgniter\CodeIgniter->handleRequest(null, Object(Config\Cache), false)
 9 SYSTEMPATH\Boot.php(334): CodeIgniter\CodeIgniter->run()
10 SYSTEMPATH\Boot.php(67): CodeIgniter\Boot::runCodeIgniter(Object(CodeIgniter\CodeIgniter))
11 FCPATH\index.php(56): CodeIgniter\Boot::bootWeb(Object(Config\Paths))
DEBUG - 2025-06-16 05:02:40 --> Session: Class initialized using 'CodeIgniter\Session\Handlers\FileHandler' driver.
DEBUG - 2025-06-16 05:02:42 --> Session: Class initialized using 'CodeIgniter\Session\Handlers\FileHandler' driver.
INFO - 2025-06-16 05:02:42 --> Cart Class Initialized
DEBUG - 2025-06-16 05:02:42 --> Session: Class initialized using 'CodeIgniter\Session\Handlers\FileHandler' driver.
INFO - 2025-06-16 05:02:42 --> Cart Class Initialized
DEBUG - 2025-06-16 05:02:44 --> Session: Class initialized using 'CodeIgniter\Session\Handlers\FileHandler' driver.
INFO - 2025-06-16 05:02:44 --> Cart Class Initialized
CRITICAL - 2025-06-16 05:02:44 --> ErrorException: Undefined variable $detalle_data
[Method: GET, Route: ventas]
in APPPATH\Controllers\Cart_controller.php on line 71.
 1 APPPATH\Controllers\Cart_controller.php(71): CodeIgniter\Debug\Exceptions->errorHandler(2, 'Undefined variable $detalle_data', 'C:\\xampp\\htdocs\\proyecto_castillo_barberan\\app\\Controllers\\Cart_controller.php', 71)
 2 SYSTEMPATH\CodeIgniter.php(933): App\Controllers\Cart_controller->guardar_venta()
 3 SYSTEMPATH\CodeIgniter.php(507): CodeIgniter\CodeIgniter->runController(Object(App\Controllers\Cart_controller))
 4 SYSTEMPATH\CodeIgniter.php(354): CodeIgniter\CodeIgniter->handleRequest(null, Object(Config\Cache), false)
 5 SYSTEMPATH\Boot.php(334): CodeIgniter\CodeIgniter->run()
 6 SYSTEMPATH\Boot.php(67): CodeIgniter\Boot::runCodeIgniter(Object(CodeIgniter\CodeIgniter))
 7 FCPATH\index.php(56): CodeIgniter\Boot::bootWeb(Object(Config\Paths))
DEBUG - 2025-06-16 05:03:18 --> Session: Class initialized using 'CodeIgniter\Session\Handlers\FileHandler' driver.
INFO - 2025-06-16 05:03:18 --> Cart Class Initialized
DEBUG - 2025-06-16 05:03:18 --> Session: Class initialized using 'CodeIgniter\Session\Handlers\FileHandler' driver.
INFO - 2025-06-16 05:03:18 --> Cart Class Initialized
DEBUG - 2025-06-16 05:03:21 --> Session: Class initialized using 'CodeIgniter\Session\Handlers\FileHandler' driver.
DEBUG - 2025-06-16 05:03:24 --> Session: Class initialized using 'CodeIgniter\Session\Handlers\FileHandler' driver.
INFO - 2025-06-16 05:03:24 --> Cart Class Initialized
DEBUG - 2025-06-16 05:03:24 --> Session: Class initialized using 'CodeIgniter\Session\Handlers\FileHandler' driver.
INFO - 2025-06-16 05:03:24 --> Cart Class Initialized
DEBUG - 2025-06-16 05:03:26 --> Session: Class initialized using 'CodeIgniter\Session\Handlers\FileHandler' driver.
INFO - 2025-06-16 05:03:26 --> Cart Class Initialized
DEBUG - 2025-06-16 05:03:26 --> Session: Class initialized using 'CodeIgniter\Session\Handlers\FileHandler' driver.
INFO - 2025-06-16 05:03:26 --> Cart Class Initialized
DEBUG - 2025-06-16 05:04:18 --> Session: Class initialized using 'CodeIgniter\Session\Handlers\FileHandler' driver.
DEBUG - 2025-06-16 05:04:20 --> Session: Class initialized using 'CodeIgniter\Session\Handlers\FileHandler' driver.
INFO - 2025-06-16 05:04:20 --> Cart Class Initialized
DEBUG - 2025-06-16 05:04:20 --> Session: Class initialized using 'CodeIgniter\Session\Handlers\FileHandler' driver.
INFO - 2025-06-16 05:04:20 --> Cart Class Initialized
DEBUG - 2025-06-16 05:04:23 --> Session: Class initialized using 'CodeIgniter\Session\Handlers\FileHandler' driver.
INFO - 2025-06-16 05:04:23 --> Cart Class Initialized
DEBUG - 2025-06-16 05:04:23 --> Session: Class initialized using 'CodeIgniter\Session\Handlers\FileHandler' driver.
INFO - 2025-06-16 05:04:23 --> Cart Class Initialized
DEBUG - 2025-06-16 05:04:27 --> Session: Class initialized using 'CodeIgniter\Session\Handlers\FileHandler' driver.
DEBUG - 2025-06-16 05:05:14 --> Session: Class initialized using 'CodeIgniter\Session\Handlers\FileHandler' driver.
INFO - 2025-06-16 05:05:14 --> Cart Class Initialized
DEBUG - 2025-06-16 05:05:14 --> Session: Class initialized using 'CodeIgniter\Session\Handlers\FileHandler' driver.
INFO - 2025-06-16 05:05:14 --> Cart Class Initialized
DEBUG - 2025-06-16 05:05:16 --> Session: Class initialized using 'CodeIgniter\Session\Handlers\FileHandler' driver.
INFO - 2025-06-16 05:05:16 --> Cart Class Initialized
DEBUG - 2025-06-16 05:05:16 --> Session: Class initialized using 'CodeIgniter\Session\Handlers\FileHandler' driver.
INFO - 2025-06-16 05:05:16 --> Cart Class Initialized
DEBUG - 2025-06-16 05:05:17 --> Session: Class initialized using 'CodeIgniter\Session\Handlers\FileHandler' driver.
DEBUG - 2025-06-16 05:05:59 --> Session: Class initialized using 'CodeIgniter\Session\Handlers\FileHandler' driver.
DEBUG - 2025-06-16 05:06:41 --> Session: Class initialized using 'CodeIgniter\Session\Handlers\FileHandler' driver.
INFO - 2025-06-16 05:06:41 --> Cart Class Initialized
DEBUG - 2025-06-16 05:06:41 --> Session: Class initialized using 'CodeIgniter\Session\Handlers\FileHandler' driver.
INFO - 2025-06-16 05:06:41 --> Cart Class Initialized
DEBUG - 2025-06-16 05:06:42 --> Session: Class initialized using 'CodeIgniter\Session\Handlers\FileHandler' driver.
INFO - 2025-06-16 05:06:42 --> Cart Class Initialized
DEBUG - 2025-06-16 05:06:54 --> Session: Class initialized using 'CodeIgniter\Session\Handlers\FileHandler' driver.
INFO - 2025-06-16 05:06:54 --> Cart Class Initialized
DEBUG - 2025-06-16 05:06:55 --> Session: Class initialized using 'CodeIgniter\Session\Handlers\FileHandler' driver.
INFO - 2025-06-16 05:06:55 --> Cart Class Initialized
DEBUG - 2025-06-16 05:07:09 --> Session: Class initialized using 'CodeIgniter\Session\Handlers\FileHandler' driver.
DEBUG - 2025-06-16 05:07:13 --> Session: Class initialized using 'CodeIgniter\Session\Handlers\FileHandler' driver.
INFO - 2025-06-16 05:07:13 --> Cart Class Initialized
DEBUG - 2025-06-16 05:07:13 --> Session: Class initialized using 'CodeIgniter\Session\Handlers\FileHandler' driver.
INFO - 2025-06-16 05:07:13 --> Cart Class Initialized
DEBUG - 2025-06-16 05:07:14 --> Session: Class initialized using 'CodeIgniter\Session\Handlers\FileHandler' driver.
INFO - 2025-06-16 05:07:14 --> Cart Class Initialized
DEBUG - 2025-06-16 05:07:15 --> Session: Class initialized using 'CodeIgniter\Session\Handlers\FileHandler' driver.
DEBUG - 2025-06-16 05:07:57 --> Session: Class initialized using 'CodeIgniter\Session\Handlers\FileHandler' driver.
INFO - 2025-06-16 05:07:57 --> Cart Class Initialized
DEBUG - 2025-06-16 05:07:58 --> Session: Class initialized using 'CodeIgniter\Session\Handlers\FileHandler' driver.
INFO - 2025-06-16 05:07:58 --> Cart Class Initialized
DEBUG - 2025-06-16 05:07:59 --> Session: Class initialized using 'CodeIgniter\Session\Handlers\FileHandler' driver.
INFO - 2025-06-16 05:07:59 --> Cart Class Initialized
DEBUG - 2025-06-16 05:07:59 --> Session: Class initialized using 'CodeIgniter\Session\Handlers\FileHandler' driver.
DEBUG - 2025-06-16 05:08:16 --> Session: Class initialized using 'CodeIgniter\Session\Handlers\FileHandler' driver.
DEBUG - 2025-06-16 05:08:16 --> Session: Class initialized using 'CodeIgniter\Session\Handlers\FileHandler' driver.
