CRITICAL - 2025-04-28 02:58:55 --> CodeIgniter\View\Exceptions\ViewException: Invalid file: "frontend/entrenamiento_view.php"
[Method: GET, Route: entrenamiento]
in SYSTEMPATH\Exceptions\FrameworkException.php on line 39.
 1 SYSTEMPATH\View\View.php(212): CodeIgniter\Exceptions\FrameworkException::forInvalidFile('frontend/entrenamiento_view.php')
 2 SYSTEMPATH\Common.php(1173): CodeIgniter\View\View->render('frontend/entrenamiento_view', [], true)
 3 APPPATH\Controllers\Home.php(46): view('frontend/entrenamiento_view')
 4 SYSTEMPATH\CodeIgniter.php(933): App\Controllers\Home->entrenamiento()
 5 SYSTEMPATH\CodeIgniter.php(507): CodeIgniter\CodeIgniter->runController(Object(App\Controllers\Home))
 6 SYSTEMPATH\CodeIgniter.php(354): CodeIgniter\CodeIgniter->handleRequest(null, Object(Config\Cache), false)
 7 SYSTEMPATH\Boot.php(334): CodeIgniter\CodeIgniter->run()
 8 SYSTEMPATH\Boot.php(67): CodeIgniter\Boot::runCodeIgniter(Object(CodeIgniter\CodeIgniter))
 9 FCPATH\index.php(56): CodeIgniter\Boot::bootWeb(Object(Config\Paths))
CRITICAL - 2025-04-28 03:22:43 --> CodeIgniter\View\Exceptions\ViewException: Invalid file: "frontend/entrenamiento_view.php"
[Method: GET, Route: entrenamiento]
in SYSTEMPATH\Exceptions\FrameworkException.php on line 39.
 1 SYSTEMPATH\View\View.php(212): CodeIgniter\Exceptions\FrameworkException::forInvalidFile('frontend/entrenamiento_view.php')
 2 SYSTEMPATH\Common.php(1173): CodeIgniter\View\View->render('frontend/entrenamiento_view', [], true)
 3 APPPATH\Controllers\Home.php(46): view('frontend/entrenamiento_view')
 4 SYSTEMPATH\CodeIgniter.php(933): App\Controllers\Home->entrenamiento()
 5 SYSTEMPATH\CodeIgniter.php(507): CodeIgniter\CodeIgniter->runController(Object(App\Controllers\Home))
 6 SYSTEMPATH\CodeIgniter.php(354): CodeIgniter\CodeIgniter->handleRequest(null, Object(Config\Cache), false)
 7 SYSTEMPATH\Boot.php(334): CodeIgniter\CodeIgniter->run()
 8 SYSTEMPATH\Boot.php(67): CodeIgniter\Boot::runCodeIgniter(Object(CodeIgniter\CodeIgniter))
 9 FCPATH\index.php(56): CodeIgniter\Boot::bootWeb(Object(Config\Paths))
