CRITICAL - 2025-04-22 13:09:47 --> ParseError: syntax error, unexpected token "=", expecting "," or ";"
[Method: GET, Route: contacto]
in APPPATH\Views\plantillas\header_view.php on line 11.
 1 SYSTEMPATH\View\View.php(227): CodeIgniter\View\View->CodeIgniter\View\{closure}()
 2 SYSTEMPATH\Common.php(1173): CodeIgniter\View\View->render('plantillas/header_view', [], true)
 3 APPPATH\Controllers\Home.php(22): view('plantillas/header_view', [...])
 4 SYSTEMPATH\CodeIgniter.php(933): App\Controllers\Home->contactate()
 5 SYSTEMPATH\CodeIgniter.php(507): CodeIgniter\CodeIgniter->runController(Object(App\Controllers\Home))
 6 SYSTEMPATH\CodeIgniter.php(354): CodeIgniter\CodeIgniter->handleRequest(null, Object(Config\Cache), false)
 7 SYSTEMPATH\Boot.php(334): CodeIgniter\CodeIgniter->run()
 8 SYSTEMPATH\Boot.php(67): CodeIgniter\Boot::runCodeIgniter(Object(CodeIgniter\CodeIgniter))
 9 FCPATH\index.php(56): CodeIgniter\Boot::bootWeb(Object(Config\Paths))
CRITICAL - 2025-04-22 13:12:05 --> ParseError: syntax error, unexpected token ";"
[Method: GET, Route: contacto]
in APPPATH\Views\plantillas\header_view.php on line 11.
 1 SYSTEMPATH\View\View.php(227): CodeIgniter\View\View->CodeIgniter\View\{closure}()
 2 SYSTEMPATH\Common.php(1173): CodeIgniter\View\View->render('plantillas/header_view', [], true)
 3 APPPATH\Controllers\Home.php(22): view('plantillas/header_view', [...])
 4 SYSTEMPATH\CodeIgniter.php(933): App\Controllers\Home->contactate()
 5 SYSTEMPATH\CodeIgniter.php(507): CodeIgniter\CodeIgniter->runController(Object(App\Controllers\Home))
 6 SYSTEMPATH\CodeIgniter.php(354): CodeIgniter\CodeIgniter->handleRequest(null, Object(Config\Cache), false)
 7 SYSTEMPATH\Boot.php(334): CodeIgniter\CodeIgniter->run()
 8 SYSTEMPATH\Boot.php(67): CodeIgniter\Boot::runCodeIgniter(Object(CodeIgniter\CodeIgniter))
 9 FCPATH\index.php(56): CodeIgniter\Boot::bootWeb(Object(Config\Paths))
CRITICAL - 2025-04-22 13:12:06 --> ParseError: syntax error, unexpected token ";"
[Method: GET, Route: contacto]
in APPPATH\Views\plantillas\header_view.php on line 11.
 1 SYSTEMPATH\View\View.php(227): CodeIgniter\View\View->CodeIgniter\View\{closure}()
 2 SYSTEMPATH\Common.php(1173): CodeIgniter\View\View->render('plantillas/header_view', [], true)
 3 APPPATH\Controllers\Home.php(22): view('plantillas/header_view', [...])
 4 SYSTEMPATH\CodeIgniter.php(933): App\Controllers\Home->contactate()
 5 SYSTEMPATH\CodeIgniter.php(507): CodeIgniter\CodeIgniter->runController(Object(App\Controllers\Home))
 6 SYSTEMPATH\CodeIgniter.php(354): CodeIgniter\CodeIgniter->handleRequest(null, Object(Config\Cache), false)
 7 SYSTEMPATH\Boot.php(334): CodeIgniter\CodeIgniter->run()
 8 SYSTEMPATH\Boot.php(67): CodeIgniter\Boot::runCodeIgniter(Object(CodeIgniter\CodeIgniter))
 9 FCPATH\index.php(56): CodeIgniter\Boot::bootWeb(Object(Config\Paths))
CRITICAL - 2025-04-22 13:12:06 --> ParseError: syntax error, unexpected token ";"
[Method: GET, Route: contacto]
in APPPATH\Views\plantillas\header_view.php on line 11.
 1 SYSTEMPATH\View\View.php(227): CodeIgniter\View\View->CodeIgniter\View\{closure}()
 2 SYSTEMPATH\Common.php(1173): CodeIgniter\View\View->render('plantillas/header_view', [], true)
 3 APPPATH\Controllers\Home.php(22): view('plantillas/header_view', [...])
 4 SYSTEMPATH\CodeIgniter.php(933): App\Controllers\Home->contactate()
 5 SYSTEMPATH\CodeIgniter.php(507): CodeIgniter\CodeIgniter->runController(Object(App\Controllers\Home))
 6 SYSTEMPATH\CodeIgniter.php(354): CodeIgniter\CodeIgniter->handleRequest(null, Object(Config\Cache), false)
 7 SYSTEMPATH\Boot.php(334): CodeIgniter\CodeIgniter->run()
 8 SYSTEMPATH\Boot.php(67): CodeIgniter\Boot::runCodeIgniter(Object(CodeIgniter\CodeIgniter))
 9 FCPATH\index.php(56): CodeIgniter\Boot::bootWeb(Object(Config\Paths))
